Shemá Server running on http://localhost:3002
2026-02-23T17:31:48.972Z - GET /api/stats
Stats calculated successfully
2026-02-23T17:31:48.975Z - GET /api/members
2026-02-23T17:31:48.976Z - GET /api/teams
2026-02-23T17:31:48.977Z - GET /api/trainings
2026-02-23T17:31:49.372Z - GET /favicon.ico
2026-02-23T17:51:07.463Z - GET /api/members
2026-02-23T17:51:07.466Z - GET /api/teams
2026-02-23T17:51:07.468Z - GET /api/stats/leaders
2026-02-23T17:51:07.470Z - GET /api/birthdays/today
2026-02-23T17:51:07.471Z - GET /api/stats/gender
2026-02-23T17:51:07.486Z - GET /api/sectors
2026-02-23T17:51:09.029Z - GET /api/team-events?year=2026&month=2
2026-02-23T17:51:10.647Z - GET /api/watch-progress/1
2026-02-23T17:51:10.651Z - GET /api/watch-progress/1
2026-02-23T17:51:10.654Z - GET /api/folders
2026-02-23T17:51:10.656Z - GET /api/trainings
2026-02-23T17:51:10.658Z - GET /api/folders
2026-02-23T17:51:10.659Z - GET /api/trainings
2026-02-23T17:51:11.411Z - GET /api/logs
2026-02-23T17:51:12.578Z - GET /api/team-events?year=2026&month=2
2026-02-23T18:33:26.615Z - GET /api/teams
2026-02-23T18:33:29.893Z - GET /api/teams
2026-02-23T18:33:29.896Z - GET /api/members
2026-02-23T18:33:29.898Z - GET /api/trainings
2026-02-23T18:33:29.899Z - GET /api/stats
Stats calculated successfully
2026-02-23T18:35:25.591Z - GET /api/availabilities?year=2026&month=2
2026-02-23T18:35:25.592Z - GET /api/whatsapp/status-summary
2026-02-23T18:35:25.593Z - GET /api/availabilities?year=2026&month=2
2026-02-23T18:35:25.609Z - GET /api/stats
Stats calculated successfully
2026-02-23T18:35:25.612Z - GET /api/members
2026-02-23T18:35:25.612Z - GET /api/teams
2026-02-23T18:35:25.613Z - GET /api/teams
2026-02-23T18:35:25.614Z - GET /api/stats
Stats calculated successfully
2026-02-23T18:35:25.615Z - GET /api/members
2026-02-23T18:35:25.616Z - GET /api/trainings
2026-02-23T18:35:25.617Z - GET /api/trainings
2026-02-23T18:35:40.290Z - GET /api/members
2026-02-23T18:35:40.291Z - GET /api/teams
2026-02-23T18:35:40.293Z - GET /api/stats/leaders
2026-02-23T18:35:40.294Z - GET /api/birthdays/today
2026-02-23T18:35:40.294Z - GET /api/stats/gender
2026-02-23T18:35:40.303Z - GET /api/sectors
2026-02-23T18:35:55.591Z - GET /api/whatsapp/status-summary
2026-02-23T18:36:01.074Z - GET /api/whatsapp/status-summary
2026-02-23T18:36:01.074Z - GET /api/availabilities?year=2026&month=2
2026-02-23T18:36:01.075Z - GET /api/availabilities?year=2026&month=2
2026-02-23T18:36:01.077Z - GET /api/stats
Stats calculated successfully
2026-02-23T18:36:01.077Z - GET /api/members
2026-02-23T18:36:01.079Z - GET /api/trainings
2026-02-23T18:36:01.079Z - GET /api/stats
Stats calculated successfully
2026-02-23T18:36:01.081Z - GET /api/members
2026-02-23T18:36:01.082Z - GET /api/teams
2026-02-23T18:36:01.082Z - GET /api/trainings
2026-02-23T18:36:01.084Z - GET /api/teams
2026-02-23T18:36:09.140Z - GET /api/members
2026-02-23T18:36:09.141Z - GET /api/teams
2026-02-23T18:36:09.143Z - GET /api/stats/leaders
2026-02-23T18:36:09.144Z - GET /api/birthdays/today
2026-02-23T18:36:09.144Z - GET /api/stats/gender
2026-02-23T18:36:09.152Z - GET /api/sectors
2026-02-23T18:36:30.775Z - GET /api/availabilities?year=2026&month=2
2026-02-23T18:36:30.784Z - GET /api/stats
Stats calculated successfully
2026-02-23T18:36:30.784Z - GET /api/members
2026-02-23T18:36:30.785Z - GET /api/teams
2026-02-23T18:36:30.786Z - GET /api/trainings
2026-02-23T18:36:31.073Z - GET /api/whatsapp/status-summary
2026-02-23T18:36:42.996Z - GET /api/team-events?year=2026&month=2
2026-02-23T18:36:57.251Z - POST /api/auth/logout
Payload: undefined
2026-02-23T18:36:57.280Z - GET /api/whatsapp/status-summary
2026-02-23T18:37:27.282Z - GET /api/whatsapp/status-summary
2026-02-23T18:37:57.281Z - GET /api/whatsapp/status-summary
2026-02-23T18:38:27.281Z - GET /api/whatsapp/status-summary
2026-02-23T18:38:35.112Z - POST /api/auth/login
Payload: {
  "email": "admin@shema.com",
  "password": "admin123"
}
2026-02-23T18:38:35.183Z - GET /api/availabilities?year=2026&month=2
2026-02-23T18:38:35.184Z - GET /api/availabilities?year=2026&month=2
2026-02-23T18:38:35.187Z - GET /api/stats
Stats calculated successfully
2026-02-23T18:38:35.187Z - GET /api/members
2026-02-23T18:38:35.188Z - GET /api/trainings
2026-02-23T18:38:35.189Z - GET /api/teams
2026-02-23T18:38:35.189Z - GET /api/trainings
2026-02-23T18:38:35.191Z - GET /api/stats
Stats calculated successfully
2026-02-23T18:38:35.191Z - GET /api/members
2026-02-23T18:38:35.193Z - GET /api/availabilities?year=2026&month=2
2026-02-23T18:38:35.194Z - GET /api/teams
2026-02-23T18:38:35.200Z - GET /api/stats
Stats calculated successfully
2026-02-23T18:38:35.200Z - GET /api/members
2026-02-23T18:38:35.201Z - GET /api/teams
2026-02-23T18:38:35.201Z - GET /api/trainings
2026-02-23T18:38:54.799Z - GET /api/logs
2026-02-23T18:38:57.281Z - GET /api/whatsapp/status-summary
2026-02-23T18:39:27.281Z - GET /api/whatsapp/status-summary
2026-02-23T18:39:57.281Z - GET /api/whatsapp/status-summary
2026-02-23T18:40:05.913Z - GET /api/availabilities?year=2026&month=2
2026-02-23T18:40:05.916Z - GET /api/stats
Stats calculated successfully
2026-02-23T18:40:05.917Z - GET /api/members
2026-02-23T18:40:05.917Z - GET /api/teams
2026-02-23T18:40:05.918Z - GET /api/trainings
2026-02-23T18:40:27.281Z - GET /api/whatsapp/status-summary
2026-02-23T18:40:57.281Z - GET /api/whatsapp/status-summary
2026-02-23T18:41:20.110Z - GET /api/watch-progress/1
2026-02-23T18:41:20.112Z - GET /api/watch-progress/1
2026-02-23T18:41:20.115Z - GET /api/trainings
2026-02-23T18:41:20.116Z - GET /api/folders
2026-02-23T18:41:20.117Z - GET /api/trainings
2026-02-23T18:41:20.118Z - GET /api/folders
2026-02-23T18:41:27.280Z - GET /api/whatsapp/status-summary
2026-02-23T18:41:57.280Z - GET /api/whatsapp/status-summary
2026-02-23T18:42:27.280Z - GET /api/whatsapp/status-summary
2026-02-23T18:42:57.280Z - GET /api/whatsapp/status-summary
2026-02-23T18:43:06.415Z - GET /api/watch-progress/1
2026-02-23T18:43:06.417Z - GET /api/watch-progress/1
2026-02-23T18:43:06.431Z - GET /api/folders
2026-02-23T18:43:06.431Z - GET /api/trainings
2026-02-23T18:43:06.432Z - GET /api/folders
2026-02-23T18:43:06.432Z - GET /api/trainings
2026-02-23T18:43:07.849Z - GET /api/logs
2026-02-23T18:43:27.281Z - GET /api/whatsapp/status-summary
2026-02-23T18:43:57.279Z - GET /api/whatsapp/status-summary
2026-02-23T18:44:04.326Z - GET /api/availabilities?year=2026&month=2
2026-02-23T18:44:04.331Z - GET /api/trainings
2026-02-23T18:44:04.332Z - GET /api/stats
Stats calculated successfully
2026-02-23T18:44:04.334Z - GET /api/members
2026-02-23T18:44:04.335Z - GET /api/teams
2026-02-23T18:44:27.279Z - GET /api/whatsapp/status-summary
2026-02-23T18:44:57.279Z - GET /api/whatsapp/status-summary
2026-02-23T18:45:27.280Z - GET /api/whatsapp/status-summary
2026-02-23T18:45:57.281Z - GET /api/whatsapp/status-summary
2026-02-23T18:46:27.281Z - GET /api/whatsapp/status-summary
2026-02-23T18:46:35.548Z - GET /api/whatsapp/status-summary
2026-02-23T18:46:35.549Z - GET /api/availabilities?year=2026&month=2
2026-02-23T18:46:35.551Z - GET /api/availabilities?year=2026&month=2
2026-02-23T18:46:35.553Z - GET /api/stats
Stats calculated successfully
2026-02-23T18:46:35.554Z - GET /api/members
2026-02-23T18:46:35.554Z - GET /api/teams
2026-02-23T18:46:35.555Z - GET /api/trainings
2026-02-23T18:46:35.555Z - GET /api/stats
Stats calculated successfully
2026-02-23T18:46:35.556Z - GET /api/members
2026-02-23T18:46:35.557Z - GET /api/teams
2026-02-23T18:46:35.558Z - GET /api/trainings
2026-02-23T18:47:05.551Z - GET /api/whatsapp/status-summary
2026-02-23T18:47:12.562Z - GET /api/members
2026-02-23T18:47:12.563Z - GET /api/teams
2026-02-23T18:47:12.565Z - GET /api/stats/leaders
2026-02-23T18:47:12.566Z - GET /api/birthdays/today
2026-02-23T18:47:12.567Z - GET /api/stats/gender
2026-02-23T18:47:12.571Z - GET /api/sectors
2026-02-23T18:47:35.550Z - GET /api/whatsapp/status-summary
2026-02-23T18:47:48.818Z - GET /api/teams
2026-02-23T18:47:48.819Z - GET /api/stats/leaders
2026-02-23T18:47:48.820Z - GET /api/birthdays/today
2026-02-23T18:47:48.820Z - GET /api/members
2026-02-23T18:47:48.821Z - GET /api/stats/gender
2026-02-23T18:47:48.831Z - GET /api/sectors
2026-02-23T18:48:05.549Z - GET /api/whatsapp/status-summary
2026-02-23T18:48:35.549Z - GET /api/whatsapp/status-summary
2026-02-23T18:48:47.752Z - GET /api/availabilities?year=2026&month=2
2026-02-23T18:48:47.763Z - GET /api/stats
Stats calculated successfully
2026-02-23T18:48:47.764Z - GET /api/members
2026-02-23T18:48:47.765Z - GET /api/trainings
2026-02-23T18:48:47.765Z - GET /api/teams
2026-02-23T18:49:05.549Z - GET /api/whatsapp/status-summary
2026-02-23T18:49:30.100Z - GET /api/availabilities?year=2026&month=2
2026-02-23T18:49:30.113Z - GET /api/stats
Stats calculated successfully
2026-02-23T18:49:30.114Z - GET /api/members
2026-02-23T18:49:30.115Z - GET /api/teams
2026-02-23T18:49:30.116Z - GET /api/trainings
2026-02-23T18:49:35.548Z - GET /api/whatsapp/status-summary
2026-02-23T18:49:46.116Z - GET /api/whatsapp/status-summary
2026-02-23T18:49:46.117Z - GET /api/availabilities?year=2026&month=2
2026-02-23T18:49:46.117Z - GET /api/availabilities?year=2026&month=2
2026-02-23T18:49:46.120Z - GET /api/stats
Stats calculated successfully
2026-02-23T18:49:46.120Z - GET /api/members
2026-02-23T18:49:46.121Z - GET /api/teams
2026-02-23T18:49:46.122Z - GET /api/stats
Stats calculated successfully
2026-02-23T18:49:46.123Z - GET /api/members
2026-02-23T18:49:46.124Z - GET /api/teams
2026-02-23T18:49:46.124Z - GET /api/trainings
2026-02-23T18:49:46.126Z - GET /api/trainings
2026-02-23T18:50:16.117Z - GET /api/whatsapp/status-summary
2026-02-23T18:50:46.117Z - GET /api/whatsapp/status-summary
2026-02-23T18:50:59.699Z - GET /api/availabilities?year=2026&month=2
2026-02-23T18:50:59.711Z - GET /api/stats
Stats calculated successfully
2026-02-23T18:50:59.712Z - GET /api/members
2026-02-23T18:50:59.713Z - GET /api/teams
2026-02-23T18:50:59.714Z - GET /api/trainings
2026-02-23T18:51:16.116Z - GET /api/whatsapp/status-summary
2026-02-23T18:51:46.116Z - GET /api/whatsapp/status-summary
2026-02-23T18:52:16.117Z - GET /api/whatsapp/status-summary
2026-02-23T18:52:46.117Z - GET /api/whatsapp/status-summary
2026-02-23T18:53:16.118Z - GET /api/whatsapp/status-summary
2026-02-23T18:53:46.119Z - GET /api/whatsapp/status-summary
2026-02-23T18:54:16.116Z - GET /api/whatsapp/status-summary
2026-02-23T18:54:32.768Z - GET /api/whatsapp/status-summary
2026-02-23T18:54:32.770Z - GET /api/availabilities?year=2026&month=2
2026-02-23T18:54:32.770Z - GET /api/availabilities?year=2026&month=2
2026-02-23T18:54:32.773Z - GET /api/stats
Stats calculated successfully
2026-02-23T18:54:32.775Z - GET /api/members
2026-02-23T18:54:32.776Z - GET /api/teams
2026-02-23T18:54:32.777Z - GET /api/stats
Stats calculated successfully
2026-02-23T18:54:32.778Z - GET /api/trainings
2026-02-23T18:54:32.779Z - GET /api/members
2026-02-23T18:54:32.780Z - GET /api/teams
2026-02-23T18:54:32.781Z - GET /api/trainings
2026-02-23T18:55:02.770Z - GET /api/whatsapp/status-summary
2026-02-23T18:55:32.770Z - GET /api/whatsapp/status-summary
2026-02-23T18:56:02.770Z - GET /api/whatsapp/status-summary
2026-02-23T18:56:32.770Z - GET /api/whatsapp/status-summary
2026-02-23T18:57:02.771Z - GET /api/whatsapp/status-summary
2026-02-23T18:57:28.031Z - GET /api/teams
2026-02-23T18:57:32.770Z - GET /api/whatsapp/status-summary
2026-02-23T18:57:39.282Z - GET /api/teams
2026-02-23T18:57:39.283Z - GET /api/members
2026-02-23T18:57:39.284Z - GET /api/stats/gender
2026-02-23T18:57:39.284Z - GET /api/stats/leaders
2026-02-23T18:57:39.285Z - GET /api/birthdays/today
2026-02-23T18:57:39.307Z - GET /api/sectors
2026-02-23T18:58:02.770Z - GET /api/whatsapp/status-summary
2026-02-23T18:58:16.376Z - GET /api/whatsapp/status-summary
2026-02-23T18:58:16.377Z - GET /api/availabilities?year=2026&month=2
2026-02-23T18:58:16.378Z - GET /api/availabilities?year=2026&month=2
2026-02-23T18:58:16.381Z - GET /api/members
2026-02-23T18:58:16.382Z - GET /api/teams
2026-02-23T18:58:16.382Z - GET /api/stats
Stats calculated successfully
2026-02-23T18:58:16.383Z - GET /api/teams
2026-02-23T18:58:16.384Z - GET /api/members
2026-02-23T18:58:16.384Z - GET /api/trainings
2026-02-23T18:58:16.385Z - GET /api/stats
Stats calculated successfully
2026-02-23T18:58:16.386Z - GET /api/trainings
2026-02-23T18:58:37.967Z - GET /api/whatsapp/status-summary
2026-02-23T18:58:46.378Z - GET /api/whatsapp/status-summary
2026-02-23T18:58:52.026Z - POST /api/whatsapp/connect/16
Payload: undefined
2026-02-23T18:59:16.377Z - GET /api/whatsapp/status-summary
2026-02-23T18:59:46.377Z - GET /api/whatsapp/status-summary
2026-02-23T19:00:16.380Z - GET /api/whatsapp/status-summary
2026-02-23T19:00:46.377Z - GET /api/whatsapp/status-summary
2026-02-23T19:01:08.335Z - GET /api/whatsapp/status-summary
2026-02-23T19:01:17.036Z - GET /api/whatsapp/status-summary
2026-02-23T19:39:58.518Z - GET /api/whatsapp/status-summary
2026-02-23T19:40:27.864Z - GET /api/whatsapp/status-summary
2026-02-23T19:40:30.861Z - GET /api/whatsapp/status-summary
2026-02-23T19:40:30.864Z - GET /api/availabilities?year=2026&month=2
2026-02-23T19:40:30.866Z - GET /api/availabilities?year=2026&month=2
2026-02-23T19:40:30.885Z - GET /api/stats
Stats calculated successfully
2026-02-23T19:40:30.889Z - GET /api/members
2026-02-23T19:40:30.894Z - GET /api/teams
2026-02-23T19:40:30.897Z - GET /api/stats
Stats calculated successfully
2026-02-23T19:40:30.897Z - GET /api/members
2026-02-23T19:40:30.899Z - GET /api/trainings
2026-02-23T19:40:30.900Z - GET /api/teams
2026-02-23T19:40:30.903Z - GET /api/trainings
2026-02-23T19:40:57.863Z - GET /api/whatsapp/status-summary
2026-02-23T19:41:00.861Z - GET /api/whatsapp/status-summary
2026-02-23T19:41:27.862Z - GET /api/whatsapp/status-summary
2026-02-23T19:41:30.862Z - GET /api/whatsapp/status-summary
2026-02-23T19:41:57.863Z - GET /api/whatsapp/status-summary
2026-02-23T19:42:00.861Z - GET /api/whatsapp/status-summary
2026-02-23T19:42:14.947Z - GET /api/members
2026-02-23T19:42:14.948Z - GET /api/teams
2026-02-23T19:42:14.950Z - GET /api/birthdays/today
2026-02-23T19:42:14.950Z - GET /api/stats/leaders
2026-02-23T19:42:14.951Z - GET /api/stats/gender
2026-02-23T19:42:14.958Z - GET /api/sectors
2026-02-23T19:42:27.862Z - GET /api/whatsapp/status-summary
2026-02-23T19:42:30.861Z - GET /api/whatsapp/status-summary
2026-02-23T19:42:57.864Z - GET /api/whatsapp/status-summary
2026-02-23T19:43:00.862Z - GET /api/whatsapp/status-summary
2026-02-23T19:43:22.513Z - GET /api/whatsapp/status-summary
2026-02-23T19:43:22.513Z - GET /api/availabilities?year=2026&month=2
2026-02-23T19:43:22.514Z - GET /api/availabilities?year=2026&month=2
2026-02-23T19:43:22.518Z - GET /api/members
2026-02-23T19:43:22.519Z - GET /api/teams
2026-02-23T19:43:22.520Z - GET /api/stats
Stats calculated successfully
2026-02-23T19:43:22.521Z - GET /api/teams
2026-02-23T19:43:22.521Z - GET /api/stats
Stats calculated successfully
2026-02-23T19:43:22.522Z - GET /api/members
2026-02-23T19:43:22.522Z - GET /api/trainings
2026-02-23T19:43:22.523Z - GET /api/trainings
2026-02-23T19:43:27.862Z - GET /api/whatsapp/status-summary
2026-02-23T19:43:52.514Z - GET /api/whatsapp/status-summary
2026-02-23T19:43:57.864Z - GET /api/whatsapp/status-summary
2026-02-23T19:44:22.512Z - GET /api/whatsapp/status-summary
2026-02-23T19:44:23.559Z - GET /api/availabilities?year=2026&month=2
2026-02-23T19:44:23.567Z - GET /api/stats
Stats calculated successfully
2026-02-23T19:44:23.569Z - GET /api/trainings
2026-02-23T19:44:23.569Z - GET /api/members
2026-02-23T19:44:23.570Z - GET /api/teams
2026-02-23T19:44:27.863Z - GET /api/whatsapp/status-summary
2026-02-23T19:44:52.513Z - GET /api/whatsapp/status-summary
2026-02-23T19:44:57.863Z - GET /api/whatsapp/status-summary
2026-02-23T19:45:22.514Z - GET /api/whatsapp/status-summary
2026-02-23T19:45:27.863Z - GET /api/whatsapp/status-summary
2026-02-23T19:45:52.516Z - GET /api/whatsapp/status-summary
2026-02-23T19:45:57.863Z - GET /api/whatsapp/status-summary
2026-02-23T19:45:57.882Z - GET /api/availabilities?year=2026&month=2
2026-02-23T19:45:57.899Z - GET /api/stats
Stats calculated successfully
2026-02-23T19:45:57.900Z - GET /api/teams
2026-02-23T19:45:57.901Z - GET /api/members
2026-02-23T19:45:57.902Z - GET /api/trainings
2026-02-23T19:46:22.514Z - GET /api/whatsapp/status-summary
2026-02-23T19:46:27.862Z - GET /api/whatsapp/status-summary
2026-02-23T19:46:52.513Z - GET /api/whatsapp/status-summary
2026-02-23T19:46:57.862Z - GET /api/whatsapp/status-summary
2026-02-23T19:47:22.512Z - GET /api/whatsapp/status-summary
2026-02-23T19:47:27.862Z - GET /api/whatsapp/status-summary
2026-02-23T19:47:52.515Z - GET /api/whatsapp/status-summary
2026-02-23T19:47:57.862Z - GET /api/whatsapp/status-summary
2026-02-23T19:48:22.514Z - GET /api/whatsapp/status-summary
2026-02-23T19:48:27.863Z - GET /api/whatsapp/status-summary
2026-02-23T19:48:52.514Z - GET /api/whatsapp/status-summary
2026-02-23T19:48:57.862Z - GET /api/whatsapp/status-summary
2026-02-23T19:49:22.513Z - GET /api/whatsapp/status-summary
2026-02-23T19:49:27.862Z - GET /api/whatsapp/status-summary
2026-02-23T19:49:52.514Z - GET /api/whatsapp/status-summary
2026-02-23T19:49:57.862Z - GET /api/whatsapp/status-summary
2026-02-23T19:50:22.514Z - GET /api/whatsapp/status-summary
2026-02-23T19:50:27.862Z - GET /api/whatsapp/status-summary
2026-02-23T19:50:52.516Z - GET /api/whatsapp/status-summary
2026-02-23T19:50:57.864Z - GET /api/whatsapp/status-summary
2026-02-23T19:51:22.515Z - GET /api/whatsapp/status-summary
2026-02-23T19:51:27.865Z - GET /api/whatsapp/status-summary
2026-02-23T19:51:52.517Z - GET /api/whatsapp/status-summary
2026-02-23T19:51:57.865Z - GET /api/whatsapp/status-summary
2026-02-23T19:52:22.513Z - GET /api/whatsapp/status-summary
2026-02-23T19:52:27.863Z - GET /api/whatsapp/status-summary
2026-02-23T19:52:52.517Z - GET /api/whatsapp/status-summary
2026-02-23T19:52:57.863Z - GET /api/whatsapp/status-summary
2026-02-23T19:53:22.514Z - GET /api/whatsapp/status-summary
2026-02-23T19:53:27.863Z - GET /api/whatsapp/status-summary
2026-02-23T19:53:52.515Z - GET /api/whatsapp/status-summary
2026-02-23T19:53:57.863Z - GET /api/whatsapp/status-summary
2026-02-23T19:54:22.515Z - GET /api/whatsapp/status-summary
2026-02-23T19:54:27.863Z - GET /api/whatsapp/status-summary
2026-02-23T19:54:52.516Z - GET /api/whatsapp/status-summary
2026-02-23T19:54:57.863Z - GET /api/whatsapp/status-summary
2026-02-23T19:55:22.514Z - GET /api/whatsapp/status-summary
2026-02-23T19:55:27.864Z - GET /api/whatsapp/status-summary
2026-02-23T19:55:52.515Z - GET /api/whatsapp/status-summary
2026-02-23T19:55:57.863Z - GET /api/whatsapp/status-summary
2026-02-23T19:56:22.515Z - GET /api/whatsapp/status-summary
2026-02-23T19:56:27.863Z - GET /api/whatsapp/status-summary
2026-02-23T19:56:52.515Z - GET /api/whatsapp/status-summary
2026-02-23T19:56:57.863Z - GET /api/whatsapp/status-summary
2026-02-23T19:57:22.515Z - GET /api/whatsapp/status-summary
2026-02-23T19:57:27.863Z - GET /api/whatsapp/status-summary
2026-02-23T19:57:52.514Z - GET /api/whatsapp/status-summary
2026-02-23T19:57:57.863Z - GET /api/whatsapp/status-summary
2026-02-23T19:58:22.514Z - GET /api/whatsapp/status-summary
2026-02-23T19:58:27.863Z - GET /api/whatsapp/status-summary
2026-02-23T19:58:52.514Z - GET /api/whatsapp/status-summary
2026-02-23T19:58:57.863Z - GET /api/whatsapp/status-summary
2026-02-23T19:59:22.515Z - GET /api/whatsapp/status-summary
2026-02-23T19:59:27.861Z - GET /api/whatsapp/status-summary
2026-02-23T19:59:52.515Z - GET /api/whatsapp/status-summary
2026-02-23T19:59:57.863Z - GET /api/whatsapp/status-summary
2026-02-23T20:00:22.514Z - GET /api/whatsapp/status-summary
2026-02-23T20:00:27.864Z - GET /api/whatsapp/status-summary
2026-02-23T20:00:52.515Z - GET /api/whatsapp/status-summary
2026-02-23T20:00:57.863Z - GET /api/whatsapp/status-summary
2026-02-23T20:01:22.514Z - GET /api/whatsapp/status-summary
2026-02-23T20:01:27.863Z - GET /api/whatsapp/status-summary
2026-02-23T20:01:52.515Z - GET /api/whatsapp/status-summary
2026-02-23T20:01:57.863Z - GET /api/whatsapp/status-summary
2026-02-23T20:02:22.514Z - GET /api/whatsapp/status-summary
2026-02-23T20:02:27.863Z - GET /api/whatsapp/status-summary
2026-02-23T20:02:52.514Z - GET /api/whatsapp/status-summary
2026-02-23T20:02:57.863Z - GET /api/whatsapp/status-summary
2026-02-23T20:03:22.515Z - GET /api/whatsapp/status-summary
2026-02-23T20:03:27.862Z - GET /api/whatsapp/status-summary
2026-02-23T20:03:52.514Z - GET /api/whatsapp/status-summary
2026-02-23T20:03:57.863Z - GET /api/whatsapp/status-summary
2026-02-23T20:04:22.514Z - GET /api/whatsapp/status-summary
2026-02-23T20:04:27.862Z - GET /api/whatsapp/status-summary
2026-02-23T20:04:52.514Z - GET /api/whatsapp/status-summary
2026-02-23T20:04:57.862Z - GET /api/whatsapp/status-summary
2026-02-23T20:05:22.514Z - GET /api/whatsapp/status-summary
2026-02-23T20:05:27.862Z - GET /api/whatsapp/status-summary
2026-02-23T20:05:52.515Z - GET /api/whatsapp/status-summary
2026-02-23T20:05:57.862Z - GET /api/whatsapp/status-summary
2026-02-23T20:06:22.514Z - GET /api/whatsapp/status-summary
2026-02-23T20:06:27.863Z - GET /api/whatsapp/status-summary
2026-02-23T20:06:52.514Z - GET /api/whatsapp/status-summary
2026-02-23T20:06:57.863Z - GET /api/whatsapp/status-summary
2026-02-23T20:07:22.514Z - GET /api/whatsapp/status-summary
2026-02-23T20:07:27.862Z - GET /api/whatsapp/status-summary
2026-02-23T20:07:52.514Z - GET /api/whatsapp/status-summary
2026-02-23T20:07:57.862Z - GET /api/whatsapp/status-summary
2026-02-23T20:08:22.514Z - GET /api/whatsapp/status-summary
2026-02-23T20:08:27.862Z - GET /api/whatsapp/status-summary
2026-02-23T20:08:52.515Z - GET /api/whatsapp/status-summary
2026-02-23T20:08:57.862Z - GET /api/whatsapp/status-summary
2026-02-23T20:09:22.516Z - GET /api/whatsapp/status-summary
2026-02-23T20:09:27.863Z - GET /api/whatsapp/status-summary
2026-02-23T20:09:52.513Z - GET /api/whatsapp/status-summary
2026-02-23T20:09:57.862Z - GET /api/whatsapp/status-summary
2026-02-23T20:10:22.514Z - GET /api/whatsapp/status-summary
2026-02-23T20:10:27.863Z - GET /api/whatsapp/status-summary
2026-02-23T20:10:52.513Z - GET /api/whatsapp/status-summary
2026-02-23T20:10:57.862Z - GET /api/whatsapp/status-summary
2026-02-23T20:11:22.514Z - GET /api/whatsapp/status-summary
2026-02-23T20:11:27.864Z - GET /api/whatsapp/status-summary
2026-02-23T20:11:52.514Z - GET /api/whatsapp/status-summary
2026-02-23T20:11:57.862Z - GET /api/whatsapp/status-summary
2026-02-23T20:12:22.513Z - GET /api/whatsapp/status-summary
2026-02-23T20:12:27.862Z - GET /api/whatsapp/status-summary
2026-02-23T20:12:52.514Z - GET /api/whatsapp/status-summary
2026-02-23T20:12:57.863Z - GET /api/whatsapp/status-summary
2026-02-23T20:13:22.516Z - GET /api/whatsapp/status-summary
2026-02-23T20:13:27.864Z - GET /api/whatsapp/status-summary
2026-02-23T20:13:52.514Z - GET /api/whatsapp/status-summary
2026-02-23T20:13:57.862Z - GET /api/whatsapp/status-summary
2026-02-23T20:14:22.514Z - GET /api/whatsapp/status-summary
2026-02-23T20:14:27.863Z - GET /api/whatsapp/status-summary
2026-02-23T20:14:52.514Z - GET /api/whatsapp/status-summary
2026-02-23T20:14:57.862Z - GET /api/whatsapp/status-summary
2026-02-23T20:15:22.514Z - GET /api/whatsapp/status-summary
2026-02-23T20:15:27.862Z - GET /api/whatsapp/status-summary
2026-02-23T20:15:52.513Z - GET /api/whatsapp/status-summary
2026-02-23T20:15:57.862Z - GET /api/whatsapp/status-summary
2026-02-23T20:16:22.513Z - GET /api/whatsapp/status-summary
2026-02-23T20:16:27.862Z - GET /api/whatsapp/status-summary
2026-02-23T20:16:52.514Z - GET /api/whatsapp/status-summary
2026-02-23T20:16:57.862Z - GET /api/whatsapp/status-summary
2026-02-23T20:17:22.513Z - GET /api/whatsapp/status-summary
2026-02-23T20:17:27.863Z - GET /api/whatsapp/status-summary
2026-02-23T20:17:52.513Z - GET /api/whatsapp/status-summary
2026-02-23T20:17:57.862Z - GET /api/whatsapp/status-summary
2026-02-23T20:18:22.514Z - GET /api/whatsapp/status-summary
2026-02-23T20:18:27.861Z - GET /api/whatsapp/status-summary
2026-02-23T20:18:52.514Z - GET /api/whatsapp/status-summary
2026-02-23T20:18:57.863Z - GET /api/whatsapp/status-summary
2026-02-23T20:19:15.623Z - GET /api/whatsapp/status-summary
2026-02-23T20:19:15.625Z - GET /api/availabilities?year=2026&month=2
2026-02-23T20:19:15.625Z - GET /api/availabilities?year=2026&month=2
2026-02-23T20:19:15.642Z - GET /api/stats
Stats calculated successfully
2026-02-23T20:19:15.643Z - GET /api/members
2026-02-23T20:19:15.644Z - GET /api/teams
2026-02-23T20:19:15.645Z - GET /api/members
2026-02-23T20:19:15.646Z - GET /api/stats
Stats calculated successfully
2026-02-23T20:19:15.648Z - GET /api/teams
2026-02-23T20:19:15.649Z - GET /api/trainings
2026-02-23T20:19:15.652Z - GET /api/trainings
2026-02-23T20:19:57.564Z - GET /api/whatsapp/status-summary
2026-02-23T20:20:02.904Z - GET /api/whatsapp/status-summary
2026-02-23T20:20:20.665Z - GET /api/whatsapp/status-summary
2026-02-23T20:20:27.553Z - GET /api/whatsapp/status-summary
2026-02-23T20:20:32.901Z - GET /api/whatsapp/status-summary
2026-02-23T20:20:50.664Z - GET /api/whatsapp/status-summary
2026-02-23T20:20:57.553Z - GET /api/whatsapp/status-summary
2026-02-23T20:21:02.900Z - GET /api/whatsapp/status-summary
2026-02-23T20:21:20.667Z - GET /api/whatsapp/status-summary
2026-02-23T20:21:26.474Z - GET /api/stats/leaders
2026-02-23T20:21:26.476Z - GET /api/stats/gender
2026-02-23T20:21:26.478Z - GET /api/members
2026-02-23T20:21:26.479Z - GET /api/teams
2026-02-23T20:21:26.480Z - GET /api/birthdays/today
2026-02-23T20:21:26.488Z - GET /api/sectors
2026-02-23T20:21:27.552Z - GET /api/whatsapp/status-summary
2026-02-23T20:21:32.902Z - GET /api/whatsapp/status-summary
2026-02-23T20:21:50.666Z - GET /api/whatsapp/status-summary
2026-02-23T20:21:57.557Z - GET /api/whatsapp/status-summary
2026-02-23T20:22:02.903Z - GET /api/whatsapp/status-summary
2026-02-23T20:22:04.863Z - GET /api/availabilities?year=2026&month=2
2026-02-23T20:22:04.880Z - GET /api/stats
Stats calculated successfully
2026-02-23T20:22:04.882Z - GET /api/members
2026-02-23T20:22:04.883Z - GET /api/teams
2026-02-23T20:22:04.883Z - GET /api/trainings
2026-02-23T20:22:20.666Z - GET /api/whatsapp/status-summary
2026-02-23T20:22:27.554Z - GET /api/whatsapp/status-summary
2026-02-23T20:22:32.901Z - GET /api/whatsapp/status-summary
2026-02-23T20:22:35.746Z - GET /api/whatsapp/status-summary
2026-02-23T20:22:37.235Z - POST /api/whatsapp/connect/16
Payload: undefined
2026-02-23T20:22:50.694Z - GET /api/whatsapp/status-summary
2026-02-23T20:22:51.883Z - POST /api/whatsapp/connect/16
Payload: undefined
2026-02-23T20:22:57.553Z - GET /api/whatsapp/status-summary
2026-02-23T20:23:02.904Z - GET /api/whatsapp/status-summary
2026-02-23T20:23:11.256Z - GET /api/availabilities?year=2026&month=2
2026-02-23T20:23:11.266Z - GET /api/stats
Stats calculated successfully
2026-02-23T20:23:11.270Z - GET /api/members
2026-02-23T20:23:11.270Z - GET /api/teams
2026-02-23T20:23:11.272Z - GET /api/trainings
2026-02-23T20:23:20.665Z - GET /api/whatsapp/status-summary
2026-02-23T20:23:27.554Z - GET /api/whatsapp/status-summary
2026-02-23T20:23:32.907Z - GET /api/whatsapp/status-summary
2026-02-23T20:23:50.672Z - GET /api/whatsapp/status-summary
2026-02-23T20:23:57.555Z - GET /api/whatsapp/status-summary
2026-02-23T20:24:02.905Z - GET /api/whatsapp/status-summary
2026-02-23T20:24:20.671Z - GET /api/whatsapp/status-summary
2026-02-23T20:24:27.553Z - GET /api/whatsapp/status-summary
2026-02-23T20:24:32.902Z - GET /api/whatsapp/status-summary
2026-02-23T20:24:50.665Z - GET /api/whatsapp/status-summary
2026-02-23T20:24:57.554Z - GET /api/whatsapp/status-summary
2026-02-23T20:25:02.903Z - GET /api/whatsapp/status-summary
2026-02-23T20:25:23.527Z - GET /api/whatsapp/status-summary
2026-02-23T20:25:30.414Z - GET /api/whatsapp/status-summary
2026-02-23T20:26:05.911Z - GET /api/whatsapp/status-summary
2026-02-23T20:42:42.945Z - GET /api/whatsapp/status-summary
2026-02-23T20:42:49.833Z - GET /api/whatsapp/status-summary
2026-02-23T20:42:55.833Z - GET /api/whatsapp/status-summary
2026-02-23T20:47:28.409Z - GET /api/whatsapp/status-summary
2026-02-23T20:47:40.688Z - GET /api/whatsapp/status-summary
2026-02-23T20:47:40.978Z - POST /api/whatsapp/connect/16
Payload: undefined
2026-02-23T20:47:58.407Z - GET /api/whatsapp/status-summary
2026-02-23T20:48:00.297Z - GET /api/whatsapp/status-summary
2026-02-23T20:48:00.298Z - GET /api/whatsapp/status-summary
2026-02-23T20:48:13.827Z - GET /api/whatsapp/status-summary
2026-02-23T20:48:13.830Z - GET /api/whatsapp/status-summary
2026-02-23T20:48:22.664Z - GET /api/availabilities?year=2026&month=2
2026-02-23T20:48:22.675Z - GET /api/stats
Stats calculated successfully
2026-02-23T20:48:22.679Z - GET /api/members
2026-02-23T20:48:22.681Z - GET /api/trainings
2026-02-23T20:48:22.681Z - GET /api/teams
2026-02-23T20:48:28.407Z - GET /api/whatsapp/status-summary
2026-02-23T20:48:35.293Z - GET /api/whatsapp/status-summary
2026-02-23T20:48:40.642Z - GET /api/whatsapp/status-summary
2026-02-23T20:48:58.409Z - GET /api/whatsapp/status-summary
2026-02-23T20:49:05.293Z - GET /api/whatsapp/status-summary
2026-02-23T20:49:10.641Z - GET /api/whatsapp/status-summary
2026-02-23T20:49:28.407Z - GET /api/whatsapp/status-summary
2026-02-23T20:49:35.292Z - GET /api/whatsapp/status-summary
2026-02-23T20:49:40.640Z - GET /api/whatsapp/status-summary
2026-02-23T20:49:58.407Z - GET /api/whatsapp/status-summary
2026-02-23T20:50:05.292Z - GET /api/whatsapp/status-summary
2026-02-23T20:50:10.641Z - GET /api/whatsapp/status-summary
2026-02-23T20:50:28.406Z - GET /api/whatsapp/status-summary
2026-02-23T20:50:35.293Z - GET /api/whatsapp/status-summary
2026-02-23T20:50:40.641Z - GET /api/whatsapp/status-summary
2026-02-23T20:50:58.406Z - GET /api/whatsapp/status-summary
2026-02-23T20:51:05.292Z - GET /api/whatsapp/status-summary
2026-02-23T20:51:10.640Z - GET /api/whatsapp/status-summary
2026-02-23T20:51:28.410Z - GET /api/whatsapp/status-summary
2026-02-23T20:51:35.294Z - GET /api/whatsapp/status-summary
2026-02-23T20:51:40.643Z - GET /api/whatsapp/status-summary
2026-02-23T20:51:58.411Z - GET /api/whatsapp/status-summary
2026-02-23T20:52:05.298Z - GET /api/whatsapp/status-summary
2026-02-23T20:52:10.646Z - GET /api/whatsapp/status-summary
2026-02-23T20:52:28.408Z - GET /api/whatsapp/status-summary
2026-02-23T20:52:35.294Z - GET /api/whatsapp/status-summary
2026-02-23T20:52:40.642Z - GET /api/whatsapp/status-summary
2026-02-23T20:52:58.409Z - GET /api/whatsapp/status-summary
2026-02-23T20:53:05.293Z - GET /api/whatsapp/status-summary
2026-02-23T20:53:10.642Z - GET /api/whatsapp/status-summary
2026-02-23T20:53:28.407Z - GET /api/whatsapp/status-summary
2026-02-23T20:53:35.294Z - GET /api/whatsapp/status-summary
2026-02-23T20:53:40.643Z - GET /api/whatsapp/status-summary
2026-02-23T20:53:58.407Z - GET /api/whatsapp/status-summary
2026-02-23T20:54:05.293Z - GET /api/whatsapp/status-summary
2026-02-23T20:54:10.642Z - GET /api/whatsapp/status-summary
2026-02-23T20:54:28.408Z - GET /api/whatsapp/status-summary
2026-02-23T20:54:35.295Z - GET /api/whatsapp/status-summary
2026-02-23T20:54:40.642Z - GET /api/whatsapp/status-summary
2026-02-23T20:54:58.408Z - GET /api/whatsapp/status-summary
2026-02-23T20:55:05.294Z - GET /api/whatsapp/status-summary
2026-02-23T20:55:10.642Z - GET /api/whatsapp/status-summary
2026-02-23T20:55:28.406Z - GET /api/whatsapp/status-summary
2026-02-23T20:55:35.295Z - GET /api/whatsapp/status-summary
2026-02-23T20:55:40.643Z - GET /api/whatsapp/status-summary
2026-02-23T20:55:58.407Z - GET /api/whatsapp/status-summary
2026-02-23T20:56:05.294Z - GET /api/whatsapp/status-summary
2026-02-23T20:56:10.642Z - GET /api/whatsapp/status-summary
2026-02-23T20:56:28.407Z - GET /api/whatsapp/status-summary
2026-02-23T20:56:35.293Z - GET /api/whatsapp/status-summary
2026-02-23T20:56:40.642Z - GET /api/whatsapp/status-summary
2026-02-23T20:56:58.407Z - GET /api/whatsapp/status-summary
2026-02-23T20:57:05.293Z - GET /api/whatsapp/status-summary
2026-02-23T20:57:10.642Z - GET /api/whatsapp/status-summary
2026-02-23T20:57:28.407Z - GET /api/whatsapp/status-summary
2026-02-23T20:57:35.293Z - GET /api/whatsapp/status-summary
2026-02-23T20:57:40.642Z - GET /api/whatsapp/status-summary
2026-02-23T20:57:58.406Z - GET /api/whatsapp/status-summary
2026-02-23T20:58:05.292Z - GET /api/whatsapp/status-summary
2026-02-23T20:58:10.640Z - GET /api/whatsapp/status-summary
2026-02-23T20:58:28.406Z - GET /api/whatsapp/status-summary
2026-02-23T20:58:35.294Z - GET /api/whatsapp/status-summary
2026-02-23T20:58:40.641Z - GET /api/whatsapp/status-summary
2026-02-23T20:58:58.407Z - GET /api/whatsapp/status-summary
2026-02-23T20:59:05.293Z - GET /api/whatsapp/status-summary
2026-02-23T20:59:10.641Z - GET /api/whatsapp/status-summary
2026-02-23T20:59:28.406Z - GET /api/whatsapp/status-summary
2026-02-23T20:59:35.293Z - GET /api/whatsapp/status-summary
2026-02-23T20:59:40.641Z - GET /api/whatsapp/status-summary
2026-02-23T20:59:58.406Z - GET /api/whatsapp/status-summary
2026-02-23T21:00:05.292Z - GET /api/whatsapp/status-summary
2026-02-23T21:00:10.642Z - GET /api/whatsapp/status-summary
2026-02-23T21:00:28.407Z - GET /api/whatsapp/status-summary
2026-02-23T21:00:35.294Z - GET /api/whatsapp/status-summary
2026-02-23T21:00:40.642Z - GET /api/whatsapp/status-summary
2026-02-23T21:00:58.407Z - GET /api/whatsapp/status-summary
2026-02-23T21:01:05.292Z - GET /api/whatsapp/status-summary
2026-02-23T21:01:10.642Z - GET /api/whatsapp/status-summary
2026-02-23T21:01:28.407Z - GET /api/whatsapp/status-summary
2026-02-23T21:01:35.293Z - GET /api/whatsapp/status-summary
2026-02-23T21:01:40.642Z - GET /api/whatsapp/status-summary
2026-02-23T21:01:58.407Z - GET /api/whatsapp/status-summary
2026-02-23T21:02:05.291Z - GET /api/whatsapp/status-summary
2026-02-23T21:02:10.639Z - GET /api/whatsapp/status-summary
2026-02-23T21:02:28.407Z - GET /api/whatsapp/status-summary
2026-02-23T21:02:35.294Z - GET /api/whatsapp/status-summary
2026-02-23T21:02:40.641Z - GET /api/whatsapp/status-summary
2026-02-23T21:02:58.407Z - GET /api/whatsapp/status-summary
2026-02-23T21:03:05.294Z - GET /api/whatsapp/status-summary
2026-02-23T21:03:10.641Z - GET /api/whatsapp/status-summary
2026-02-23T21:03:28.407Z - GET /api/whatsapp/status-summary
2026-02-23T21:03:35.293Z - GET /api/whatsapp/status-summary
2026-02-23T21:03:40.641Z - GET /api/whatsapp/status-summary
2026-02-23T21:03:58.406Z - GET /api/whatsapp/status-summary
2026-02-23T21:04:05.293Z - GET /api/whatsapp/status-summary
2026-02-23T21:04:10.642Z - GET /api/whatsapp/status-summary
2026-02-23T21:04:28.407Z - GET /api/whatsapp/status-summary
2026-02-23T21:04:35.293Z - GET /api/whatsapp/status-summary
2026-02-23T21:04:35.572Z - POST /api/auth/logout
Payload: undefined
2026-02-23T21:04:35.614Z - GET /api/whatsapp/status-summary
2026-02-23T21:04:40.640Z - GET /api/whatsapp/status-summary
2026-02-23T21:04:45.331Z - POST /api/auth/login
Payload: {
  "email": "admin@shema.com",
  "password": "adminb123"
}
2026-02-23T21:04:46.672Z - POST /api/auth/login
Payload: {
  "email": "admin@shema.com",
  "password": "adminb123"
}
2026-02-23T21:04:51.137Z - POST /api/auth/login
Payload: {
  "email": "admin@shema.com",
  "password": "admin123"
}
2026-02-23T21:04:51.224Z - GET /api/availabilities?year=2026&month=2
2026-02-23T21:04:51.225Z - GET /api/availabilities?year=2026&month=2
2026-02-23T21:04:51.226Z - GET /api/availabilities?year=2026&month=2
2026-02-23T21:04:51.232Z - GET /api/stats
Stats calculated successfully
2026-02-23T21:04:51.233Z - GET /api/members
2026-02-23T21:04:51.234Z - GET /api/teams
2026-02-23T21:04:51.234Z - GET /api/trainings
2026-02-23T21:04:51.234Z - GET /api/stats
Stats calculated successfully
2026-02-23T21:04:51.234Z - GET /api/members
2026-02-23T21:04:51.235Z - GET /api/teams
2026-02-23T21:04:51.236Z - GET /api/trainings
2026-02-23T21:04:51.236Z - GET /api/stats
Stats calculated successfully
2026-02-23T21:04:51.236Z - GET /api/members
2026-02-23T21:04:51.237Z - GET /api/teams
2026-02-23T21:04:51.237Z - GET /api/trainings
2026-02-23T21:04:54.756Z - GET /api/members
2026-02-23T21:04:54.757Z - GET /api/teams
2026-02-23T21:04:54.760Z - GET /api/birthdays/today
2026-02-23T21:04:54.760Z - GET /api/stats/leaders
2026-02-23T21:04:54.761Z - GET /api/stats/gender
2026-02-23T21:04:54.774Z - GET /api/sectors
2026-02-23T21:05:03.365Z - GET /api/whatsapp/status-summary
2026-02-23T21:05:04.055Z - POST /api/whatsapp/connect/16
Payload: undefined
2026-02-23T21:05:04.756Z - POST /api/whatsapp/connect/16
Payload: undefined
2026-02-23T21:05:05.291Z - GET /api/whatsapp/status-summary
2026-02-23T21:05:05.371Z - POST /api/whatsapp/connect/16
Payload: undefined
2026-02-23T21:05:05.619Z - GET /api/whatsapp/status-summary
2026-02-23T21:05:06.038Z - POST /api/whatsapp/connect/16
Payload: undefined
2026-02-23T21:05:10.641Z - GET /api/whatsapp/status-summary
2026-02-23T21:38:05.612Z - GET /api/whatsapp/status-summary
2026-02-23T21:38:05.614Z - GET /api/availabilities?year=2026&month=2
2026-02-23T21:38:05.615Z - GET /api/availabilities?year=2026&month=2
2026-02-23T21:38:05.630Z - GET /api/stats
Stats calculated successfully
2026-02-23T21:38:05.631Z - GET /api/members
2026-02-23T21:38:05.632Z - GET /api/teams
2026-02-23T21:38:05.633Z - GET /api/trainings
2026-02-23T21:38:05.634Z - GET /api/stats
Stats calculated successfully
2026-02-23T21:38:05.635Z - GET /api/members
2026-02-23T21:38:05.637Z - GET /api/teams
2026-02-23T21:38:05.637Z - GET /api/trainings
2026-02-23T21:38:21.531Z - GET /api/availabilities?year=2026&month=2
2026-02-23T21:38:21.533Z - GET /api/whatsapp/status-summary
2026-02-23T21:38:21.534Z - GET /api/stats
Stats calculated successfully
2026-02-23T21:38:21.536Z - GET /api/members
2026-02-23T21:38:21.536Z - GET /api/teams
2026-02-23T21:38:21.537Z - GET /api/trainings
2026-02-23T21:38:35.614Z - GET /api/whatsapp/status-summary
2026-02-23T21:39:05.616Z - GET /api/whatsapp/status-summary
2026-02-23T21:39:35.617Z - GET /api/whatsapp/status-summary
2026-02-23T21:40:05.616Z - GET /api/whatsapp/status-summary
2026-02-23T21:40:35.616Z - GET /api/whatsapp/status-summary
2026-02-23T21:41:05.621Z - GET /api/whatsapp/status-summary
2026-02-23T21:41:35.616Z - GET /api/whatsapp/status-summary
2026-02-23T21:42:05.615Z - GET /api/whatsapp/status-summary
2026-02-23T21:42:35.618Z - GET /api/whatsapp/status-summary
2026-02-23T21:43:05.613Z - GET /api/whatsapp/status-summary
2026-02-23T21:43:35.614Z - GET /api/whatsapp/status-summary
2026-02-23T21:44:05.615Z - GET /api/whatsapp/status-summary
2026-02-23T21:44:35.615Z - GET /api/whatsapp/status-summary
2026-02-23T21:45:05.615Z - GET /api/whatsapp/status-summary
2026-02-23T21:45:35.615Z - GET /api/whatsapp/status-summary
2026-02-23T21:46:05.615Z - GET /api/whatsapp/status-summary
2026-02-23T21:46:35.615Z - GET /api/whatsapp/status-summary
2026-02-23T21:47:05.615Z - GET /api/whatsapp/status-summary
2026-02-23T21:47:35.616Z - GET /api/whatsapp/status-summary
2026-02-23T21:48:05.614Z - GET /api/whatsapp/status-summary
2026-02-23T21:48:35.615Z - GET /api/whatsapp/status-summary
2026-02-23T21:49:05.615Z - GET /api/whatsapp/status-summary
2026-02-23T21:49:35.617Z - GET /api/whatsapp/status-summary
2026-02-23T21:50:05.615Z - GET /api/whatsapp/status-summary
2026-02-23T21:50:35.614Z - GET /api/whatsapp/status-summary
2026-02-23T21:51:05.616Z - GET /api/whatsapp/status-summary
2026-02-23T21:51:35.615Z - GET /api/whatsapp/status-summary
2026-02-23T21:52:05.614Z - GET /api/whatsapp/status-summary
2026-02-23T21:52:35.615Z - GET /api/whatsapp/status-summary
2026-02-23T21:53:05.615Z - GET /api/whatsapp/status-summary
2026-02-23T21:53:35.614Z - GET /api/whatsapp/status-summary
2026-02-23T21:54:05.613Z - GET /api/whatsapp/status-summary
2026-02-23T21:54:35.614Z - GET /api/whatsapp/status-summary
2026-02-23T21:55:05.614Z - GET /api/whatsapp/status-summary
2026-02-23T21:55:35.614Z - GET /api/whatsapp/status-summary
2026-02-23T21:56:05.615Z - GET /api/whatsapp/status-summary
2026-02-23T21:56:35.614Z - GET /api/whatsapp/status-summary
2026-02-23T21:57:05.616Z - GET /api/whatsapp/status-summary
2026-02-23T21:57:13.517Z - GET /api/whatsapp/status-summary
2026-02-23T21:57:13.518Z - GET /api/availabilities?year=2026&month=2
2026-02-23T21:57:13.520Z - GET /api/availabilities?year=2026&month=2
2026-02-23T21:57:13.529Z - GET /api/stats
Stats calculated successfully
2026-02-23T21:57:13.530Z - GET /api/teams
2026-02-23T21:57:13.530Z - GET /api/trainings
2026-02-23T21:57:13.531Z - GET /api/members
2026-02-23T21:57:13.532Z - GET /api/stats
Stats calculated successfully
2026-02-23T21:57:13.534Z - GET /api/teams
2026-02-23T21:57:13.535Z - GET /api/trainings
2026-02-23T21:57:13.536Z - GET /api/members
2026-02-23T21:57:30.563Z - POST /api/auth/logout
Payload: undefined
2026-02-23T21:57:30.586Z - GET /api/whatsapp/status-summary
2026-02-23T21:57:35.613Z - GET /api/whatsapp/status-summary
2026-02-23T21:58:00.587Z - GET /api/whatsapp/status-summary
2026-02-23T21:58:05.611Z - GET /api/whatsapp/status-summary
2026-02-23T21:58:10.190Z - POST /api/auth/login
Payload: {
  "email": "admin@admin.com",
  "password": "admin"
}
2026-02-23T21:58:30.586Z - GET /api/whatsapp/status-summary
2026-02-23T21:58:35.612Z - GET /api/whatsapp/status-summary
2026-02-23T21:59:00.587Z - GET /api/whatsapp/status-summary
2026-02-23T21:59:05.612Z - GET /api/whatsapp/status-summary
2026-02-23T21:59:30.587Z - GET /api/whatsapp/status-summary
2026-02-23T21:59:35.612Z - GET /api/whatsapp/status-summary
2026-02-23T21:59:50.305Z - GET /api/whatsapp/status-summary
2026-02-23T22:00:05.617Z - GET /api/whatsapp/status-summary
2026-02-23T22:00:20.039Z - POST /api/auth/login
Payload: {
  "email": "admin@admin.com",
  "password": "admin"
}
2026-02-23T22:00:20.606Z - GET /api/whatsapp/status-summary
2026-02-23T22:00:35.613Z - GET /api/whatsapp/status-summary
2026-02-23T22:00:50.305Z - GET /api/whatsapp/status-summary
2026-02-23T22:01:05.613Z - GET /api/whatsapp/status-summary
2026-02-23T22:01:20.304Z - GET /api/whatsapp/status-summary
2026-02-23T22:01:35.612Z - GET /api/whatsapp/status-summary
2026-02-23T22:01:44.861Z - POST /api/auth/login
Payload: {
  "email": "admin@admin.com",
  "password": "password"
}
2026-02-23T22:01:50.316Z - GET /api/whatsapp/status-summary
2026-02-23T22:02:05.615Z - GET /api/whatsapp/status-summary
2026-02-23T22:02:20.304Z - GET /api/whatsapp/status-summary
2026-02-23T22:02:35.612Z - GET /api/whatsapp/status-summary
2026-02-23T22:03:05.612Z - GET /api/whatsapp/status-summary
2026-02-23T22:03:09.020Z - GET /server.js
2026-02-23T22:03:35.615Z - GET /api/whatsapp/status-summary
2026-02-23T22:04:01.408Z - GET /api/whatsapp/status-summary
2026-02-23T22:04:05.612Z - GET /api/whatsapp/status-summary
2026-02-23T22:04:31.410Z - GET /api/whatsapp/status-summary
2026-02-23T22:04:35.579Z - POST /api/auth/login
Payload: {
  "email": "admin@admin.com",
  "password": "admin123456"
}
2026-02-23T22:04:35.654Z - GET /api/whatsapp/status-summary
2026-02-23T22:05:01.410Z - GET /api/whatsapp/status-summary
2026-02-23T22:05:05.613Z - GET /api/whatsapp/status-summary
2026-02-23T22:05:31.409Z - GET /api/whatsapp/status-summary
2026-02-23T22:05:35.612Z - GET /api/whatsapp/status-summary
2026-02-23T22:06:01.411Z - GET /api/whatsapp/status-summary
2026-02-23T22:06:05.628Z - GET /api/whatsapp/status-summary
2026-02-23T22:06:31.412Z - GET /api/whatsapp/status-summary
2026-02-23T22:06:35.611Z - GET /api/whatsapp/status-summary
2026-02-23T22:07:01.413Z - GET /api/whatsapp/status-summary
2026-02-23T22:07:05.614Z - GET /api/whatsapp/status-summary
2026-02-23T22:07:31.409Z - GET /api/whatsapp/status-summary
2026-02-23T22:07:35.613Z - GET /api/whatsapp/status-summary
2026-02-23T22:07:54.173Z - GET /dashboard
2026-02-23T22:08:05.612Z - GET /api/whatsapp/status-summary
2026-02-23T22:08:35.613Z - GET /api/whatsapp/status-summary
2026-02-23T22:09:05.612Z - GET /api/whatsapp/status-summary
2026-02-23T22:09:05.747Z - GET /api/whatsapp/status-summary
2026-02-23T22:09:35.613Z - GET /api/whatsapp/status-summary
2026-02-23T22:09:35.748Z - GET /api/whatsapp/status-summary
2026-02-23T22:09:50.839Z - POST /api/auth/login
Payload: {
  "email": "admin@admin.com",
  "password": "admin"
}
2026-02-23T22:10:05.614Z - GET /api/whatsapp/status-summary
2026-02-23T22:10:05.747Z - GET /api/whatsapp/status-summary
2026-02-23T22:10:35.613Z - GET /api/whatsapp/status-summary
2026-02-23T22:10:35.750Z - GET /api/whatsapp/status-summary
2026-02-23T22:11:05.612Z - GET /api/whatsapp/status-summary
2026-02-23T22:11:05.747Z - GET /api/whatsapp/status-summary
2026-02-23T22:11:35.610Z - GET /api/whatsapp/status-summary
2026-02-23T22:11:35.748Z - GET /api/whatsapp/status-summary
2026-02-23T22:11:37.201Z - POST /api/auth/login
Payload: {
  "email": "test-admin@test.com",
  "password": "000.000.000-00"
}
2026-02-23T22:12:05.614Z - GET /api/whatsapp/status-summary
2026-02-23T22:12:05.748Z - GET /api/whatsapp/status-summary
2026-02-23T22:12:35.612Z - GET /api/whatsapp/status-summary
2026-02-23T22:12:35.748Z - GET /api/whatsapp/status-summary
2026-02-23T22:13:05.613Z - GET /api/whatsapp/status-summary
2026-02-23T22:13:05.749Z - GET /api/whatsapp/status-summary
2026-02-23T22:13:29.038Z - POST /api/auth/login
Payload: {
  "email": "test-admin@test.com",
  "password": "000.000.000-00"
}
2026-02-23T22:13:35.615Z - GET /api/whatsapp/status-summary
2026-02-23T22:13:35.746Z - GET /api/whatsapp/status-summary
2026-02-23T22:14:05.614Z - GET /api/whatsapp/status-summary
2026-02-23T22:14:05.748Z - GET /api/whatsapp/status-summary
2026-02-23T22:14:35.613Z - GET /api/whatsapp/status-summary
2026-02-23T22:14:35.749Z - GET /api/whatsapp/status-summary
2026-02-23T22:15:05.613Z - GET /api/whatsapp/status-summary
2026-02-23T22:15:05.749Z - GET /api/whatsapp/status-summary
2026-02-23T22:15:35.613Z - GET /api/whatsapp/status-summary
2026-02-23T22:15:35.748Z - GET /api/whatsapp/status-summary
2026-02-23T22:16:05.612Z - GET /api/whatsapp/status-summary
2026-02-23T22:16:05.749Z - GET /api/whatsapp/status-summary
2026-02-23T22:16:35.613Z - GET /api/whatsapp/status-summary
2026-02-23T22:16:35.748Z - GET /api/whatsapp/status-summary
2026-02-23T22:17:05.613Z - GET /api/whatsapp/status-summary
2026-02-23T22:17:05.748Z - GET /api/whatsapp/status-summary
2026-02-23T22:17:35.618Z - GET /api/whatsapp/status-summary
2026-02-23T22:17:35.750Z - GET /api/whatsapp/status-summary
2026-02-23T22:18:05.612Z - GET /api/whatsapp/status-summary
2026-02-23T22:18:05.748Z - GET /api/whatsapp/status-summary
2026-02-23T22:18:35.612Z - GET /api/whatsapp/status-summary
2026-02-23T22:18:35.748Z - GET /api/whatsapp/status-summary
2026-02-23T22:19:05.615Z - GET /api/whatsapp/status-summary
2026-02-23T22:19:05.750Z - GET /api/whatsapp/status-summary
2026-02-23T22:19:35.612Z - GET /api/whatsapp/status-summary
2026-02-23T22:19:35.749Z - GET /api/whatsapp/status-summary
2026-02-23T22:20:05.612Z - GET /api/whatsapp/status-summary
2026-02-23T22:20:05.749Z - GET /api/whatsapp/status-summary
2026-02-23T22:20:35.612Z - GET /api/whatsapp/status-summary
2026-02-23T22:20:35.748Z - GET /api/whatsapp/status-summary
2026-02-23T22:21:05.611Z - GET /api/whatsapp/status-summary
2026-02-23T22:21:05.748Z - GET /api/whatsapp/status-summary
2026-02-23T22:21:35.612Z - GET /api/whatsapp/status-summary
2026-02-23T22:21:35.748Z - GET /api/whatsapp/status-summary
2026-02-23T22:22:05.611Z - GET /api/whatsapp/status-summary
2026-02-23T22:22:05.747Z - GET /api/whatsapp/status-summary
2026-02-23T22:22:35.613Z - GET /api/whatsapp/status-summary
2026-02-23T22:22:35.749Z - GET /api/whatsapp/status-summary
2026-02-23T22:23:05.619Z - GET /api/whatsapp/status-summary
2026-02-23T22:23:05.753Z - GET /api/whatsapp/status-summary
2026-02-23T22:23:06.157Z - GET /api/whatsapp/status-summary
2026-02-23T22:23:23.352Z - POST /api/auth/login
Payload: {
  "email": "admin@admin.com",
  "password": "admin"
}
2026-02-23T22:23:35.612Z - GET /api/whatsapp/status-summary
2026-02-23T22:23:35.749Z - GET /api/whatsapp/status-summary
2026-02-23T22:23:36.137Z - GET /api/whatsapp/status-summary
2026-02-23T22:23:59.900Z - POST /api/auth/login
Payload: {
  "email": "admin@admin.com",
  "password": "admin"
}
2026-02-23T22:24:05.612Z - GET /api/whatsapp/status-summary
2026-02-23T22:24:05.748Z - GET /api/whatsapp/status-summary
2026-02-23T22:24:06.138Z - GET /api/whatsapp/status-summary
2026-02-23T22:24:35.612Z - GET /api/whatsapp/status-summary
2026-02-23T22:24:35.749Z - GET /api/whatsapp/status-summary
2026-02-23T22:24:36.138Z - GET /api/whatsapp/status-summary
2026-02-23T22:25:05.612Z - GET /api/whatsapp/status-summary
2026-02-23T22:25:05.750Z - GET /api/whatsapp/status-summary
2026-02-23T22:25:06.138Z - GET /api/whatsapp/status-summary
2026-02-23T22:25:15.803Z - POST /api/auth/login
Payload: {
  "email": "admin@admin.com",
  "password": "admin"
}
2026-02-23T22:25:35.618Z - GET /api/whatsapp/status-summary
2026-02-23T22:25:35.749Z - GET /api/whatsapp/status-summary
2026-02-23T22:25:36.137Z - GET /api/whatsapp/status-summary
2026-02-23T22:26:05.613Z - GET /api/whatsapp/status-summary
2026-02-23T22:26:05.749Z - GET /api/whatsapp/status-summary
2026-02-23T22:26:06.137Z - GET /api/whatsapp/status-summary
2026-02-23T22:26:35.618Z - GET /api/whatsapp/status-summary
2026-02-23T22:26:35.752Z - GET /api/whatsapp/status-summary
2026-02-23T22:26:36.137Z - GET /api/whatsapp/status-summary
2026-02-23T22:27:05.613Z - GET /api/whatsapp/status-summary
2026-02-23T22:27:05.749Z - GET /api/whatsapp/status-summary
2026-02-23T22:27:06.137Z - GET /api/whatsapp/status-summary
2026-02-23T22:27:18.950Z - POST /api/auth/login
Payload: {
  "email": "admin@admin.com",
  "password": "admin"
}
2026-02-23T22:27:35.616Z - GET /api/whatsapp/status-summary
2026-02-23T22:27:35.755Z - GET /api/whatsapp/status-summary
2026-02-23T22:27:36.138Z - GET /api/whatsapp/status-summary
2026-02-23T22:27:51.969Z - GET /api/whatsapp/status-summary
2026-02-23T22:28:05.612Z - GET /api/whatsapp/status-summary
2026-02-23T22:28:05.748Z - GET /api/whatsapp/status-summary
2026-02-23T22:28:21.969Z - GET /api/whatsapp/status-summary
2026-02-23T22:28:31.879Z - POST /api/auth/login
Payload: {
  "email": "admin@admin.com",
  "password": "admin"
}
2026-02-23T22:28:35.613Z - GET /api/whatsapp/status-summary
2026-02-23T22:28:35.749Z - GET /api/whatsapp/status-summary
2026-02-23T22:28:51.973Z - GET /api/whatsapp/status-summary
2026-02-23T22:29:05.617Z - GET /api/whatsapp/status-summary
2026-02-23T22:29:05.757Z - GET /api/whatsapp/status-summary
2026-02-23T22:29:15.368Z - POST /api/auth/login
Payload: {
  "email": "admin@admin.com",
  "password": "admin"
}
2026-02-23T22:29:21.978Z - GET /api/whatsapp/status-summary
2026-02-23T22:29:35.613Z - GET /api/whatsapp/status-summary
2026-02-23T22:29:35.753Z - GET /api/whatsapp/status-summary
2026-02-23T22:29:51.973Z - GET /api/whatsapp/status-summary
2026-02-23T22:30:05.621Z - GET /api/whatsapp/status-summary
2026-02-23T22:30:05.749Z - GET /api/whatsapp/status-summary
2026-02-23T22:30:21.970Z - GET /api/whatsapp/status-summary
2026-02-23T22:30:35.614Z - GET /api/whatsapp/status-summary
2026-02-23T22:30:35.749Z - GET /api/whatsapp/status-summary
2026-02-23T22:30:51.971Z - GET /api/whatsapp/status-summary
2026-02-23T22:31:05.611Z - GET /api/whatsapp/status-summary
2026-02-23T22:31:05.749Z - GET /api/whatsapp/status-summary
2026-02-23T22:31:21.972Z - GET /api/whatsapp/status-summary
2026-02-23T22:31:35.611Z - GET /api/whatsapp/status-summary
2026-02-23T22:31:35.748Z - GET /api/whatsapp/status-summary
2026-02-23T22:31:51.970Z - GET /api/whatsapp/status-summary
2026-02-23T22:32:05.614Z - GET /api/whatsapp/status-summary
2026-02-23T22:32:05.750Z - GET /api/whatsapp/status-summary
2026-02-23T22:32:21.971Z - GET /api/whatsapp/status-summary
2026-02-23T22:32:35.611Z - GET /api/whatsapp/status-summary
2026-02-23T22:32:35.748Z - GET /api/whatsapp/status-summary
2026-02-23T22:32:51.971Z - GET /api/whatsapp/status-summary
2026-02-23T22:33:05.612Z - GET /api/whatsapp/status-summary
2026-02-23T22:33:05.748Z - GET /api/whatsapp/status-summary
2026-02-23T22:33:21.970Z - GET /api/whatsapp/status-summary
2026-02-23T22:33:35.614Z - GET /api/whatsapp/status-summary
2026-02-23T22:33:35.750Z - GET /api/whatsapp/status-summary
2026-02-23T22:33:44.623Z - GET /dashboard
2026-02-23T22:34:05.613Z - GET /api/whatsapp/status-summary
2026-02-23T22:34:05.750Z - GET /api/whatsapp/status-summary
2026-02-23T22:34:23.938Z - GET /api/whatsapp/status-summary
2026-02-23T22:34:35.614Z - GET /api/whatsapp/status-summary
2026-02-23T22:34:35.750Z - GET /api/whatsapp/status-summary
2026-02-23T22:34:53.939Z - GET /api/whatsapp/status-summary
2026-02-23T22:35:05.614Z - GET /api/whatsapp/status-summary
2026-02-23T22:35:05.750Z - GET /api/whatsapp/status-summary
2026-02-23T22:35:17.483Z - POST /api/auth/login
Payload: {
  "email": "admin@admin.com",
  "password": "admin"
}
2026-02-23T22:35:23.940Z - GET /api/whatsapp/status-summary
2026-02-23T22:35:35.613Z - GET /api/whatsapp/status-summary
2026-02-23T22:35:35.749Z - GET /api/whatsapp/status-summary
2026-02-23T22:35:53.942Z - GET /api/whatsapp/status-summary
2026-02-23T22:36:05.620Z - GET /api/whatsapp/status-summary
2026-02-23T22:36:05.751Z - GET /api/whatsapp/status-summary
2026-02-23T22:36:23.939Z - GET /api/whatsapp/status-summary
2026-02-23T22:36:35.611Z - GET /api/whatsapp/status-summary
2026-02-23T22:36:35.749Z - GET /api/whatsapp/status-summary
2026-02-23T22:36:53.947Z - GET /api/whatsapp/status-summary
2026-02-23T22:37:05.615Z - GET /api/whatsapp/status-summary
2026-02-23T22:37:05.751Z - GET /api/whatsapp/status-summary
2026-02-23T22:37:23.940Z - GET /api/whatsapp/status-summary
2026-02-23T22:37:35.612Z - GET /api/whatsapp/status-summary
2026-02-23T22:37:35.748Z - GET /api/whatsapp/status-summary
2026-02-23T22:37:53.942Z - GET /api/whatsapp/status-summary
2026-02-23T22:38:05.613Z - GET /api/whatsapp/status-summary
2026-02-23T22:38:05.750Z - GET /api/whatsapp/status-summary
2026-02-23T22:38:23.941Z - GET /api/whatsapp/status-summary
2026-02-23T22:38:35.613Z - GET /api/whatsapp/status-summary
2026-02-23T22:38:35.749Z - GET /api/whatsapp/status-summary
2026-02-23T22:38:53.941Z - GET /api/whatsapp/status-summary
2026-02-23T22:39:05.617Z - GET /api/whatsapp/status-summary
2026-02-23T22:39:05.751Z - GET /api/whatsapp/status-summary
2026-02-23T22:39:21.433Z - POST /api/auth/login
Payload: {
  "email": "admin@admin.com",
  "password": "admin"
}
2026-02-23T22:39:23.940Z - GET /api/whatsapp/status-summary
2026-02-23T22:39:35.613Z - GET /api/whatsapp/status-summary
2026-02-23T22:39:35.750Z - GET /api/whatsapp/status-summary
2026-02-23T22:39:53.942Z - GET /api/whatsapp/status-summary
2026-02-23T22:40:05.614Z - GET /api/whatsapp/status-summary
2026-02-23T22:40:05.751Z - GET /api/whatsapp/status-summary
2026-02-23T22:40:23.942Z - GET /api/whatsapp/status-summary
2026-02-23T22:40:35.613Z - GET /api/whatsapp/status-summary
2026-02-23T22:40:35.749Z - GET /api/whatsapp/status-summary
2026-02-23T22:40:53.944Z - GET /api/whatsapp/status-summary
2026-02-23T22:41:05.615Z - GET /api/whatsapp/status-summary
2026-02-23T22:41:05.752Z - GET /api/whatsapp/status-summary
2026-02-23T22:41:23.939Z - GET /api/whatsapp/status-summary
2026-02-23T22:41:35.613Z - GET /api/whatsapp/status-summary
2026-02-23T22:41:35.749Z - GET /api/whatsapp/status-summary
2026-02-23T22:41:53.939Z - GET /api/whatsapp/status-summary
2026-02-23T22:41:55.615Z - POST /api/auth/login
Payload: {
  "email": "admina@admin.com",
  "password": "admin"
}
2026-02-23T22:42:05.613Z - GET /api/whatsapp/status-summary
2026-02-23T22:42:05.750Z - GET /api/whatsapp/status-summary
2026-02-23T22:42:23.940Z - GET /api/whatsapp/status-summary
2026-02-23T22:42:35.613Z - GET /api/whatsapp/status-summary
2026-02-23T22:42:35.750Z - GET /api/whatsapp/status-summary
2026-02-23T22:42:53.942Z - GET /api/whatsapp/status-summary
2026-02-23T22:43:05.613Z - GET /api/whatsapp/status-summary
2026-02-23T22:43:05.749Z - GET /api/whatsapp/status-summary
2026-02-23T22:43:23.939Z - GET /api/whatsapp/status-summary
2026-02-23T22:43:35.612Z - GET /api/whatsapp/status-summary
2026-02-23T22:43:35.748Z - GET /api/whatsapp/status-summary
2026-02-23T22:43:53.941Z - GET /api/whatsapp/status-summary
2026-02-23T22:44:05.613Z - GET /api/whatsapp/status-summary
2026-02-23T22:44:05.750Z - GET /api/whatsapp/status-summary
2026-02-23T22:44:23.941Z - GET /api/whatsapp/status-summary
2026-02-23T22:44:35.614Z - GET /api/whatsapp/status-summary
2026-02-23T22:44:35.749Z - GET /api/whatsapp/status-summary
2026-02-23T22:44:53.938Z - GET /api/whatsapp/status-summary
2026-02-23T22:45:05.611Z - GET /api/whatsapp/status-summary
2026-02-23T22:45:05.748Z - GET /api/whatsapp/status-summary
2026-02-23T22:45:23.941Z - GET /api/whatsapp/status-summary
2026-02-23T22:45:35.614Z - GET /api/whatsapp/status-summary
2026-02-23T22:45:35.750Z - GET /api/whatsapp/status-summary
2026-02-23T22:45:53.941Z - GET /api/whatsapp/status-summary
2026-02-23T22:46:05.613Z - GET /api/whatsapp/status-summary
2026-02-23T22:46:05.749Z - GET /api/whatsapp/status-summary
2026-02-23T22:46:16.530Z - GET /api/whatsapp/status-summary
2026-02-23T22:46:35.611Z - GET /api/whatsapp/status-summary
2026-02-23T22:46:35.748Z - GET /api/whatsapp/status-summary
2026-02-23T22:46:46.531Z - GET /api/whatsapp/status-summary
2026-02-23T22:47:05.614Z - GET /api/whatsapp/status-summary
2026-02-23T22:47:05.749Z - GET /api/whatsapp/status-summary
2026-02-23T22:47:16.534Z - GET /api/whatsapp/status-summary
2026-02-23T22:47:35.613Z - GET /api/whatsapp/status-summary
2026-02-23T22:47:35.750Z - GET /api/whatsapp/status-summary
2026-02-23T22:47:46.531Z - GET /api/whatsapp/status-summary
2026-02-23T22:47:49.179Z - POST /api/auth/login
Payload: {
  "email": "admin@admin.com",
  "password": "admin"
}
2026-02-23T22:48:05.610Z - GET /api/whatsapp/status-summary
2026-02-23T22:48:05.748Z - GET /api/whatsapp/status-summary
2026-02-23T22:48:16.531Z - GET /api/whatsapp/status-summary
2026-02-23T22:48:35.614Z - GET /api/whatsapp/status-summary
2026-02-23T22:48:35.750Z - GET /api/whatsapp/status-summary
2026-02-23T22:48:46.534Z - GET /api/whatsapp/status-summary
2026-02-23T22:49:06.299Z - GET /api/whatsapp/status-summary
2026-02-23T22:49:06.304Z - GET /api/whatsapp/status-summary
2026-02-23T22:49:41.535Z - GET /api/whatsapp/status-summary
2026-02-23T22:50:16.171Z - GET /api/whatsapp/status-summary
2026-02-23T22:50:16.173Z - GET /api/whatsapp/status-summary
2026-02-23T22:53:14.213Z - GET /api/whatsapp/status-summary
2026-02-23T22:53:44.213Z - GET /api/whatsapp/status-summary
2026-02-23T22:54:04.970Z - GET /api/whatsapp/status-summary
2026-02-23T22:54:04.972Z - GET /api/whatsapp/status-summary
2026-02-23T22:54:14.213Z - GET /api/whatsapp/status-summary
2026-02-23T22:54:44.214Z - GET /api/whatsapp/status-summary
2026-02-23T22:57:54.209Z - GET /api/whatsapp/status-summary
2026-02-23T22:57:54.210Z - GET /api/whatsapp/status-summary
2026-02-23T22:58:02.454Z - GET /api/whatsapp/status-summary
2026-02-23T23:15:55.789Z - GET /api/whatsapp/status-summary
2026-02-23T23:16:18.542Z - GET /api/whatsapp/status-summary
2026-02-23T23:16:18.545Z - GET /api/whatsapp/status-summary
2026-02-23T23:16:25.785Z - GET /api/whatsapp/status-summary
2026-02-23T23:16:55.785Z - GET /api/whatsapp/status-summary
2026-02-23T23:17:19.542Z - GET /api/whatsapp/status-summary
2026-02-23T23:17:19.545Z - GET /api/whatsapp/status-summary
2026-02-23T23:17:25.786Z - GET /api/whatsapp/status-summary
2026-02-23T23:17:55.786Z - GET /api/whatsapp/status-summary
2026-02-23T23:18:20.542Z - GET /api/whatsapp/status-summary
2026-02-23T23:18:20.544Z - GET /api/whatsapp/status-summary
2026-02-23T23:18:25.786Z - GET /api/whatsapp/status-summary
2026-02-23T23:18:55.786Z - GET /api/whatsapp/status-summary
2026-02-23T23:19:21.542Z - GET /api/whatsapp/status-summary
2026-02-23T23:19:21.545Z - GET /api/whatsapp/status-summary
2026-02-23T23:19:25.785Z - GET /api/whatsapp/status-summary
2026-02-23T23:19:55.784Z - GET /api/whatsapp/status-summary
2026-02-23T23:20:22.543Z - GET /api/whatsapp/status-summary
2026-02-23T23:20:22.547Z - GET /api/whatsapp/status-summary
2026-02-23T23:20:25.784Z - GET /api/whatsapp/status-summary
2026-02-23T23:20:55.785Z - GET /api/whatsapp/status-summary
2026-02-23T23:21:23.544Z - GET /api/whatsapp/status-summary
2026-02-23T23:21:23.548Z - GET /api/whatsapp/status-summary
2026-02-23T23:21:25.785Z - GET /api/whatsapp/status-summary
2026-02-23T23:21:55.790Z - GET /api/whatsapp/status-summary
2026-02-23T23:22:24.542Z - GET /api/whatsapp/status-summary
2026-02-23T23:22:24.545Z - GET /api/whatsapp/status-summary
2026-02-23T23:22:25.785Z - GET /api/whatsapp/status-summary
2026-02-23T23:22:55.785Z - GET /api/whatsapp/status-summary
2026-02-23T23:23:25.542Z - GET /api/whatsapp/status-summary
2026-02-23T23:23:25.545Z - GET /api/whatsapp/status-summary
2026-02-23T23:23:25.784Z - GET /api/whatsapp/status-summary
2026-02-23T23:23:55.786Z - GET /api/whatsapp/status-summary
2026-02-23T23:24:25.784Z - GET /api/whatsapp/status-summary
2026-02-23T23:24:26.541Z - GET /api/whatsapp/status-summary
2026-02-23T23:24:26.543Z - GET /api/whatsapp/status-summary
2026-02-23T23:24:55.785Z - GET /api/whatsapp/status-summary
2026-02-23T23:25:25.785Z - GET /api/whatsapp/status-summary
2026-02-23T23:25:27.542Z - GET /api/whatsapp/status-summary
2026-02-23T23:25:27.544Z - GET /api/whatsapp/status-summary
2026-02-23T23:25:55.785Z - GET /api/whatsapp/status-summary
2026-02-23T23:26:25.784Z - GET /api/whatsapp/status-summary
2026-02-23T23:26:28.541Z - GET /api/whatsapp/status-summary
2026-02-23T23:26:28.542Z - GET /api/whatsapp/status-summary
2026-02-23T23:26:55.785Z - GET /api/whatsapp/status-summary
2026-02-23T23:27:25.785Z - GET /api/whatsapp/status-summary
2026-02-23T23:27:29.542Z - GET /api/whatsapp/status-summary
2026-02-23T23:27:29.545Z - GET /api/whatsapp/status-summary
2026-02-23T23:27:55.786Z - GET /api/whatsapp/status-summary
2026-02-23T23:28:25.785Z - GET /api/whatsapp/status-summary
2026-02-23T23:28:30.541Z - GET /api/whatsapp/status-summary
2026-02-23T23:28:30.543Z - GET /api/whatsapp/status-summary
2026-02-23T23:28:55.784Z - GET /api/whatsapp/status-summary
2026-02-23T23:29:25.786Z - GET /api/whatsapp/status-summary
2026-02-23T23:29:31.540Z - GET /api/whatsapp/status-summary
2026-02-23T23:29:31.543Z - GET /api/whatsapp/status-summary
2026-02-23T23:29:55.785Z - GET /api/whatsapp/status-summary
2026-02-23T23:30:25.784Z - GET /api/whatsapp/status-summary
2026-02-23T23:30:32.542Z - GET /api/whatsapp/status-summary
2026-02-23T23:30:32.545Z - GET /api/whatsapp/status-summary
2026-02-23T23:30:55.784Z - GET /api/whatsapp/status-summary
2026-02-23T23:31:25.784Z - GET /api/whatsapp/status-summary
2026-02-23T23:31:33.540Z - GET /api/whatsapp/status-summary
2026-02-23T23:31:33.543Z - GET /api/whatsapp/status-summary
2026-02-23T23:31:55.785Z - GET /api/whatsapp/status-summary
2026-02-23T23:32:25.785Z - GET /api/whatsapp/status-summary
2026-02-23T23:32:34.541Z - GET /api/whatsapp/status-summary
2026-02-23T23:32:34.543Z - GET /api/whatsapp/status-summary
2026-02-23T23:32:55.785Z - GET /api/whatsapp/status-summary
2026-02-23T23:33:25.785Z - GET /api/whatsapp/status-summary
2026-02-23T23:33:35.541Z - GET /api/whatsapp/status-summary
2026-02-23T23:33:35.543Z - GET /api/whatsapp/status-summary
2026-02-23T23:33:55.785Z - GET /api/whatsapp/status-summary
2026-02-23T23:34:25.785Z - GET /api/whatsapp/status-summary
2026-02-23T23:34:36.541Z - GET /api/whatsapp/status-summary
2026-02-23T23:34:36.543Z - GET /api/whatsapp/status-summary
2026-02-23T23:34:55.785Z - GET /api/whatsapp/status-summary
2026-02-23T23:35:25.785Z - GET /api/whatsapp/status-summary
2026-02-23T23:35:37.542Z - GET /api/whatsapp/status-summary
2026-02-23T23:35:37.546Z - GET /api/whatsapp/status-summary
2026-02-23T23:35:55.785Z - GET /api/whatsapp/status-summary
2026-02-23T23:36:25.785Z - GET /api/whatsapp/status-summary
2026-02-23T23:36:38.543Z - GET /api/whatsapp/status-summary
2026-02-23T23:36:38.546Z - GET /api/whatsapp/status-summary
2026-02-23T23:36:55.785Z - GET /api/whatsapp/status-summary
2026-02-23T23:37:25.784Z - GET /api/whatsapp/status-summary
2026-02-23T23:37:39.543Z - GET /api/whatsapp/status-summary
2026-02-23T23:37:39.546Z - GET /api/whatsapp/status-summary
2026-02-23T23:37:56.541Z - GET /api/whatsapp/status-summary
2026-02-23T23:38:26.547Z - GET /api/whatsapp/status-summary
2026-02-23T23:38:39.542Z - GET /api/whatsapp/status-summary
2026-02-23T23:38:39.544Z - GET /api/whatsapp/status-summary
2026-02-23T23:39:27.542Z - GET /api/whatsapp/status-summary
2026-02-23T23:39:39.542Z - GET /api/whatsapp/status-summary
2026-02-23T23:39:39.546Z - GET /api/whatsapp/status-summary
2026-02-23T23:40:28.545Z - GET /api/whatsapp/status-summary
2026-02-23T23:40:39.544Z - GET /api/whatsapp/status-summary
2026-02-23T23:40:39.548Z - GET /api/whatsapp/status-summary
2026-02-23T23:41:29.544Z - GET /api/whatsapp/status-summary
2026-02-23T23:41:39.550Z - GET /api/whatsapp/status-summary
2026-02-23T23:41:39.554Z - GET /api/whatsapp/status-summary
2026-02-23T23:42:30.542Z - GET /api/whatsapp/status-summary
2026-02-23T23:42:39.543Z - GET /api/whatsapp/status-summary
2026-02-23T23:42:39.546Z - GET /api/whatsapp/status-summary
2026-02-23T23:43:31.541Z - GET /api/whatsapp/status-summary
2026-02-23T23:43:39.542Z - GET /api/whatsapp/status-summary
2026-02-23T23:43:39.545Z - GET /api/whatsapp/status-summary
2026-02-23T23:44:32.565Z - GET /api/whatsapp/status-summary
2026-02-23T23:44:39.545Z - GET /api/whatsapp/status-summary
2026-02-23T23:44:39.547Z - GET /api/whatsapp/status-summary
2026-02-23T23:45:33.544Z - GET /api/whatsapp/status-summary
2026-02-23T23:45:39.542Z - GET /api/whatsapp/status-summary
2026-02-23T23:45:39.545Z - GET /api/whatsapp/status-summary
2026-02-23T23:46:34.545Z - GET /api/whatsapp/status-summary
2026-02-23T23:46:39.545Z - GET /api/whatsapp/status-summary
2026-02-23T23:46:39.547Z - GET /api/whatsapp/status-summary
2026-02-23T23:47:35.542Z - GET /api/whatsapp/status-summary
2026-02-23T23:47:39.541Z - GET /api/whatsapp/status-summary
2026-02-23T23:47:39.543Z - GET /api/whatsapp/status-summary
2026-02-23T23:48:16.456Z - GET /api/whatsapp/status-summary
2026-02-23T23:48:16.466Z - GET /api/whatsapp/status-summary
2026-02-23T23:48:16.468Z - GET /api/whatsapp/status-summary
2026-02-23T23:48:25.784Z - GET /api/whatsapp/status-summary
2026-02-23T23:48:44.865Z - GET /api/whatsapp/status-summary
2026-02-23T23:48:45.003Z - GET /api/whatsapp/status-summary
2026-02-23T23:48:55.808Z - GET /api/whatsapp/status-summary
2026-02-23T23:49:14.867Z - GET /api/whatsapp/status-summary
2026-02-23T23:49:14.999Z - GET /api/whatsapp/status-summary
2026-02-23T23:49:25.785Z - GET /api/whatsapp/status-summary
2026-02-23T23:49:44.867Z - GET /api/whatsapp/status-summary
2026-02-23T23:49:45.001Z - GET /api/whatsapp/status-summary
2026-02-23T23:49:55.783Z - GET /api/whatsapp/status-summary
2026-02-23T23:50:14.863Z - GET /api/whatsapp/status-summary
2026-02-23T23:50:15.001Z - GET /api/whatsapp/status-summary
2026-02-23T23:50:25.785Z - GET /api/whatsapp/status-summary
2026-02-23T23:50:44.869Z - GET /api/whatsapp/status-summary
2026-02-23T23:50:45.000Z - GET /api/whatsapp/status-summary
2026-02-23T23:50:55.785Z - GET /api/whatsapp/status-summary
2026-02-23T23:51:14.865Z - GET /api/whatsapp/status-summary
2026-02-23T23:51:14.999Z - GET /api/whatsapp/status-summary
2026-02-23T23:51:25.786Z - GET /api/whatsapp/status-summary
2026-02-23T23:51:44.869Z - GET /api/whatsapp/status-summary
2026-02-23T23:51:45.001Z - GET /api/whatsapp/status-summary
2026-02-23T23:51:55.785Z - GET /api/whatsapp/status-summary
2026-02-23T23:51:56.116Z - GET /api/whatsapp/status-summary
2026-02-23T23:52:14.865Z - GET /api/whatsapp/status-summary
2026-02-23T23:52:25.784Z - GET /api/whatsapp/status-summary
2026-02-23T23:52:26.115Z - GET /api/whatsapp/status-summary
2026-02-23T23:52:44.864Z - GET /api/whatsapp/status-summary
2026-02-23T23:52:55.784Z - GET /api/whatsapp/status-summary
2026-02-23T23:52:56.115Z - GET /api/whatsapp/status-summary
2026-02-23T23:53:14.867Z - GET /api/whatsapp/status-summary
2026-02-23T23:53:18.836Z - POST /api/auth/login
Payload: {
  "email": "admin@admin.com",
  "password": "admin"
}
2026-02-23T23:53:25.785Z - GET /api/whatsapp/status-summary
2026-02-23T23:53:26.114Z - GET /api/whatsapp/status-summary
2026-02-23T23:53:44.865Z - GET /api/whatsapp/status-summary
2026-02-23T23:53:55.785Z - GET /api/whatsapp/status-summary
2026-02-23T23:53:56.116Z - GET /api/whatsapp/status-summary
2026-02-23T23:54:14.868Z - GET /api/whatsapp/status-summary
2026-02-23T23:54:25.785Z - GET /api/whatsapp/status-summary
2026-02-23T23:54:26.115Z - GET /api/whatsapp/status-summary
2026-02-23T23:54:44.864Z - GET /api/whatsapp/status-summary
2026-02-23T23:54:55.783Z - GET /api/whatsapp/status-summary
2026-02-23T23:54:56.115Z - GET /api/whatsapp/status-summary
2026-02-23T23:55:14.868Z - GET /api/whatsapp/status-summary
2026-02-23T23:55:25.784Z - GET /api/whatsapp/status-summary
2026-02-23T23:55:26.116Z - GET /api/whatsapp/status-summary
2026-02-23T23:55:44.882Z - GET /api/whatsapp/status-summary
2026-02-23T23:55:55.786Z - GET /api/whatsapp/status-summary
2026-02-23T23:55:56.117Z - GET /api/whatsapp/status-summary
2026-02-23T23:56:14.869Z - GET /api/whatsapp/status-summary
2026-02-23T23:56:25.784Z - GET /api/whatsapp/status-summary
2026-02-23T23:56:26.116Z - GET /api/whatsapp/status-summary
2026-02-23T23:56:44.864Z - GET /api/whatsapp/status-summary
2026-02-23T23:56:55.785Z - GET /api/whatsapp/status-summary
2026-02-23T23:56:56.116Z - GET /api/whatsapp/status-summary
2026-02-23T23:57:14.865Z - GET /api/whatsapp/status-summary
2026-02-23T23:57:25.784Z - GET /api/whatsapp/status-summary
2026-02-23T23:57:26.117Z - GET /api/whatsapp/status-summary
2026-02-23T23:57:44.867Z - GET /api/whatsapp/status-summary
2026-02-23T23:57:55.783Z - GET /api/whatsapp/status-summary
2026-02-23T23:57:56.407Z - GET /api/whatsapp/status-summary
2026-02-23T23:58:00.785Z - POST /api/auth/login
Payload: {
  "email": "admin@admin.com",
  "password": "adminadmin"
}
2026-02-23T23:58:14.866Z - GET /api/whatsapp/status-summary
2026-02-23T23:58:25.781Z - GET /api/whatsapp/status-summary
2026-02-23T23:58:26.115Z - GET /api/whatsapp/status-summary
2026-02-23T23:58:27.412Z - POST /api/auth/login
Payload: {
  "email": "admin@admin.com",
  "password": "adminadmin"
}
2026-02-23T23:58:44.863Z - GET /api/whatsapp/status-summary
2026-02-23T23:58:55.782Z - GET /api/whatsapp/status-summary
2026-02-23T23:58:56.114Z - GET /api/whatsapp/status-summary
2026-02-23T23:59:14.873Z - GET /api/whatsapp/status-summary
2026-02-23T23:59:25.784Z - GET /api/whatsapp/status-summary
2026-02-23T23:59:26.118Z - GET /api/whatsapp/status-summary
2026-02-23T23:59:44.918Z - GET /api/whatsapp/status-summary
2026-02-23T23:59:55.819Z - GET /api/whatsapp/status-summary
2026-02-23T23:59:56.168Z - GET /api/whatsapp/status-summary
2026-02-24T00:00:14.973Z - GET /api/whatsapp/status-summary
2026-02-24T00:00:25.810Z - GET /api/whatsapp/status-summary
2026-02-24T00:00:26.141Z - GET /api/whatsapp/status-summary
2026-02-24T00:00:44.874Z - GET /api/whatsapp/status-summary
2026-02-24T00:00:50.633Z - GET /api/whatsapp/status-summary
2026-02-24T00:00:56.299Z - POST /api/auth/login
Payload: {
  "email": "admin@admin.com",
  "password": "admin"
}
2026-02-24T00:00:56.381Z - GET /api/whatsapp/status-summary
2026-02-24T00:01:14.874Z - GET /api/whatsapp/status-summary
2026-02-24T00:01:20.676Z - GET /api/whatsapp/status-summary
2026-02-24T00:01:26.255Z - GET /api/whatsapp/status-summary
2026-02-24T00:01:44.864Z - GET /api/whatsapp/status-summary
2026-02-24T00:01:50.630Z - GET /api/whatsapp/status-summary
2026-02-24T00:01:56.119Z - GET /api/whatsapp/status-summary
2026-02-24T00:02:14.877Z - GET /api/whatsapp/status-summary
2026-02-24T00:02:20.643Z - GET /api/whatsapp/status-summary
2026-02-24T00:02:26.116Z - GET /api/whatsapp/status-summary
2026-02-24T00:02:44.910Z - GET /api/whatsapp/status-summary
2026-02-24T00:02:50.631Z - GET /api/whatsapp/status-summary
2026-02-24T00:02:56.132Z - GET /api/whatsapp/status-summary
2026-02-24T00:03:14.873Z - GET /api/whatsapp/status-summary
2026-02-24T00:03:20.639Z - GET /api/whatsapp/status-summary
2026-02-24T00:03:26.115Z - GET /api/whatsapp/status-summary
2026-02-24T00:03:44.865Z - GET /api/whatsapp/status-summary
2026-02-24T00:03:50.882Z - GET /api/whatsapp/status-summary
2026-02-24T00:03:56.129Z - GET /api/whatsapp/status-summary
2026-02-24T00:04:14.868Z - GET /api/whatsapp/status-summary
2026-02-24T00:04:20.649Z - GET /api/whatsapp/status-summary
2026-02-24T00:04:26.122Z - GET /api/whatsapp/status-summary
2026-02-24T00:04:44.887Z - GET /api/whatsapp/status-summary
2026-02-24T00:04:50.639Z - GET /api/whatsapp/status-summary
2026-02-24T00:04:56.116Z - GET /api/whatsapp/status-summary
2026-02-24T00:05:14.881Z - GET /api/whatsapp/status-summary
2026-02-24T00:05:20.639Z - GET /api/whatsapp/status-summary
2026-02-24T00:05:26.206Z - GET /api/whatsapp/status-summary
2026-02-24T00:05:44.865Z - GET /api/whatsapp/status-summary
2026-02-24T00:05:50.632Z - GET /api/whatsapp/status-summary
2026-02-24T00:05:56.116Z - GET /api/whatsapp/status-summary
2026-02-24T00:06:14.957Z - GET /api/whatsapp/status-summary
2026-02-24T00:06:20.762Z - GET /api/whatsapp/status-summary
2026-02-24T00:06:26.121Z - GET /api/whatsapp/status-summary
2026-02-24T00:06:44.904Z - GET /api/whatsapp/status-summary
2026-02-24T00:06:50.698Z - GET /api/whatsapp/status-summary
2026-02-24T00:06:56.119Z - GET /api/whatsapp/status-summary
2026-02-24T00:07:14.897Z - GET /api/whatsapp/status-summary
2026-02-24T00:07:20.640Z - GET /api/whatsapp/status-summary
2026-02-24T00:07:26.131Z - GET /api/whatsapp/status-summary
2026-02-24T00:07:45.959Z - GET /api/whatsapp/status-summary
2026-02-24T00:07:50.642Z - GET /api/whatsapp/status-summary
2026-02-24T00:07:56.187Z - GET /api/whatsapp/status-summary
2026-02-24T00:08:14.867Z - GET /api/whatsapp/status-summary
2026-02-24T00:08:20.632Z - GET /api/whatsapp/status-summary
2026-02-24T00:08:26.118Z - GET /api/whatsapp/status-summary
2026-02-24T00:08:44.868Z - GET /api/whatsapp/status-summary
2026-02-24T00:08:50.633Z - GET /api/whatsapp/status-summary
2026-02-24T00:08:56.118Z - GET /api/whatsapp/status-summary
2026-02-24T00:09:14.884Z - GET /api/whatsapp/status-summary
2026-02-24T00:09:20.754Z - GET /api/whatsapp/status-summary
2026-02-24T00:09:26.120Z - GET /api/whatsapp/status-summary
2026-02-24T00:09:44.865Z - GET /api/whatsapp/status-summary
2026-02-24T00:09:50.631Z - GET /api/whatsapp/status-summary
2026-02-24T00:09:56.114Z - GET /api/whatsapp/status-summary
2026-02-24T00:10:14.877Z - GET /api/whatsapp/status-summary
2026-02-24T00:10:20.642Z - GET /api/whatsapp/status-summary
2026-02-24T00:10:26.183Z - GET /api/whatsapp/status-summary
2026-02-24T00:10:44.867Z - GET /api/whatsapp/status-summary
2026-02-24T00:10:50.631Z - GET /api/whatsapp/status-summary
2026-02-24T00:10:56.117Z - GET /api/whatsapp/status-summary
2026-02-24T00:11:14.867Z - GET /api/whatsapp/status-summary
2026-02-24T00:11:20.633Z - GET /api/whatsapp/status-summary
2026-02-24T00:11:24.315Z - GET /api/whatsapp/status-summary
2026-02-24T00:11:26.234Z - GET /api/whatsapp/status-summary
2026-02-24T00:11:31.229Z - POST /api/auth/login
Payload: {
  "email": "admin@admin.com",
  "password": "admin"
}
2026-02-24T00:11:44.901Z - GET /api/whatsapp/status-summary
2026-02-24T00:11:54.322Z - GET /api/whatsapp/status-summary
2026-02-24T00:11:56.157Z - GET /api/whatsapp/status-summary
2026-02-24T00:12:14.865Z - GET /api/whatsapp/status-summary
2026-02-24T00:12:24.308Z - GET /api/whatsapp/status-summary
2026-02-24T00:12:26.117Z - GET /api/whatsapp/status-summary
2026-02-24T00:12:44.864Z - GET /api/whatsapp/status-summary
2026-02-24T00:12:54.308Z - GET /api/whatsapp/status-summary
2026-02-24T00:12:56.117Z - GET /api/whatsapp/status-summary
2026-02-24T00:13:14.873Z - GET /api/whatsapp/status-summary
2026-02-24T00:13:24.313Z - GET /api/whatsapp/status-summary
2026-02-24T00:13:26.121Z - GET /api/whatsapp/status-summary
2026-02-24T00:13:44.873Z - GET /api/whatsapp/status-summary
2026-02-24T00:13:54.307Z - GET /api/whatsapp/status-summary
2026-02-24T00:13:56.120Z - GET /api/whatsapp/status-summary
2026-02-24T00:14:14.867Z - GET /api/whatsapp/status-summary
2026-02-24T00:14:24.308Z - GET /api/whatsapp/status-summary
2026-02-24T00:14:26.117Z - GET /api/whatsapp/status-summary
2026-02-24T00:14:44.866Z - GET /api/whatsapp/status-summary
2026-02-24T00:14:54.309Z - GET /api/whatsapp/status-summary
2026-02-24T00:14:56.117Z - GET /api/whatsapp/status-summary
2026-02-24T00:15:14.829Z - GET /api/whatsapp/status-summary
2026-02-24T00:15:14.876Z - GET /api/whatsapp/status-summary
2026-02-24T00:15:20.361Z - POST /api/auth/login
Payload: {
  "email": "admin@admin.com",
  "password": "admin"
}
2026-02-24T00:15:26.121Z - GET /api/whatsapp/status-summary
2026-02-24T00:15:44.831Z - GET /api/whatsapp/status-summary
2026-02-24T00:15:44.867Z - GET /api/whatsapp/status-summary
2026-02-24T00:15:56.120Z - GET /api/whatsapp/status-summary
2026-02-24T00:16:14.829Z - GET /api/whatsapp/status-summary
2026-02-24T00:16:14.865Z - GET /api/whatsapp/status-summary
2026-02-24T00:16:26.116Z - GET /api/whatsapp/status-summary
2026-02-24T00:16:44.829Z - GET /api/whatsapp/status-summary
2026-02-24T00:16:44.864Z - GET /api/whatsapp/status-summary
2026-02-24T00:16:56.123Z - GET /api/whatsapp/status-summary
2026-02-24T00:17:14.827Z - GET /api/whatsapp/status-summary
2026-02-24T00:17:14.864Z - GET /api/whatsapp/status-summary
2026-02-24T00:17:26.116Z - GET /api/whatsapp/status-summary
2026-02-24T00:17:44.828Z - GET /api/whatsapp/status-summary
2026-02-24T00:17:44.865Z - GET /api/whatsapp/status-summary
2026-02-24T00:17:56.117Z - GET /api/whatsapp/status-summary
2026-02-24T00:18:14.829Z - GET /api/whatsapp/status-summary
2026-02-24T00:18:14.866Z - GET /api/whatsapp/status-summary
2026-02-24T00:18:26.118Z - GET /api/whatsapp/status-summary
2026-02-24T00:18:44.831Z - GET /api/whatsapp/status-summary
2026-02-24T00:18:44.865Z - GET /api/whatsapp/status-summary
2026-02-24T00:18:56.119Z - GET /api/whatsapp/status-summary
2026-02-24T00:19:14.843Z - GET /api/whatsapp/status-summary
2026-02-24T00:19:14.872Z - GET /api/whatsapp/status-summary
2026-02-24T00:19:26.125Z - GET /api/whatsapp/status-summary
2026-02-24T00:19:44.827Z - GET /api/whatsapp/status-summary
2026-02-24T00:19:44.865Z - GET /api/whatsapp/status-summary
2026-02-24T00:19:56.117Z - GET /api/whatsapp/status-summary
2026-02-24T00:20:14.828Z - GET /api/whatsapp/status-summary
2026-02-24T00:20:14.866Z - GET /api/whatsapp/status-summary
2026-02-24T00:20:26.118Z - GET /api/whatsapp/status-summary
2026-02-24T00:20:44.829Z - GET /api/whatsapp/status-summary
2026-02-24T00:20:44.865Z - GET /api/whatsapp/status-summary
2026-02-24T00:20:56.117Z - GET /api/whatsapp/status-summary
2026-02-24T00:21:14.827Z - GET /api/whatsapp/status-summary
2026-02-24T00:21:14.865Z - GET /api/whatsapp/status-summary
2026-02-24T00:21:26.118Z - GET /api/whatsapp/status-summary
2026-02-24T00:21:44.829Z - GET /api/whatsapp/status-summary
2026-02-24T00:21:44.864Z - GET /api/whatsapp/status-summary
2026-02-24T00:21:56.117Z - GET /api/whatsapp/status-summary
2026-02-24T00:22:14.829Z - GET /api/whatsapp/status-summary
2026-02-24T00:22:14.865Z - GET /api/whatsapp/status-summary
2026-02-24T00:22:26.118Z - GET /api/whatsapp/status-summary
2026-02-24T00:22:44.828Z - GET /api/whatsapp/status-summary
2026-02-24T00:22:44.864Z - GET /api/whatsapp/status-summary
2026-02-24T00:22:56.118Z - GET /api/whatsapp/status-summary
2026-02-24T00:23:14.828Z - GET /api/whatsapp/status-summary
2026-02-24T00:23:14.864Z - GET /api/whatsapp/status-summary
2026-02-24T00:23:26.117Z - GET /api/whatsapp/status-summary
2026-02-24T00:23:44.829Z - GET /api/whatsapp/status-summary
2026-02-24T00:23:44.867Z - GET /api/whatsapp/status-summary
2026-02-24T00:23:56.117Z - GET /api/whatsapp/status-summary
2026-02-24T00:24:14.828Z - GET /api/whatsapp/status-summary
2026-02-24T00:24:14.864Z - GET /api/whatsapp/status-summary
2026-02-24T00:24:26.117Z - GET /api/whatsapp/status-summary
2026-02-24T00:24:44.827Z - GET /api/whatsapp/status-summary
2026-02-24T00:24:44.865Z - GET /api/whatsapp/status-summary
2026-02-24T00:24:56.117Z - GET /api/whatsapp/status-summary
2026-02-24T00:25:14.828Z - GET /api/whatsapp/status-summary
2026-02-24T00:25:14.865Z - GET /api/whatsapp/status-summary
2026-02-24T00:25:26.116Z - GET /api/whatsapp/status-summary
2026-02-24T00:25:44.828Z - GET /api/whatsapp/status-summary
2026-02-24T00:25:44.865Z - GET /api/whatsapp/status-summary
2026-02-24T00:25:56.117Z - GET /api/whatsapp/status-summary
2026-02-24T00:26:14.834Z - GET /api/whatsapp/status-summary
2026-02-24T00:26:14.868Z - GET /api/whatsapp/status-summary
2026-02-24T00:26:26.123Z - GET /api/whatsapp/status-summary
2026-02-24T00:26:44.835Z - GET /api/whatsapp/status-summary
2026-02-24T00:26:44.872Z - GET /api/whatsapp/status-summary
2026-02-24T00:26:56.126Z - GET /api/whatsapp/status-summary
2026-02-24T00:27:14.837Z - GET /api/whatsapp/status-summary
2026-02-24T00:27:14.873Z - GET /api/whatsapp/status-summary
2026-02-24T00:27:26.125Z - GET /api/whatsapp/status-summary
2026-02-24T00:27:44.837Z - GET /api/whatsapp/status-summary
2026-02-24T00:27:44.873Z - GET /api/whatsapp/status-summary
2026-02-24T00:27:56.126Z - GET /api/whatsapp/status-summary
2026-02-24T00:28:14.838Z - GET /api/whatsapp/status-summary
2026-02-24T00:28:14.873Z - GET /api/whatsapp/status-summary
2026-02-24T00:28:26.125Z - GET /api/whatsapp/status-summary
2026-02-24T00:28:44.838Z - GET /api/whatsapp/status-summary
2026-02-24T00:28:44.873Z - GET /api/whatsapp/status-summary
2026-02-24T00:28:56.127Z - GET /api/whatsapp/status-summary
2026-02-24T00:29:14.836Z - GET /api/whatsapp/status-summary
2026-02-24T00:29:14.874Z - GET /api/whatsapp/status-summary
2026-02-24T00:29:26.126Z - GET /api/whatsapp/status-summary
2026-02-24T00:29:44.837Z - GET /api/whatsapp/status-summary
2026-02-24T00:29:44.874Z - GET /api/whatsapp/status-summary
2026-02-24T00:29:56.126Z - GET /api/whatsapp/status-summary
2026-02-24T00:30:14.838Z - GET /api/whatsapp/status-summary
2026-02-24T00:30:14.874Z - GET /api/whatsapp/status-summary
2026-02-24T00:30:26.125Z - GET /api/whatsapp/status-summary
2026-02-24T00:30:44.836Z - GET /api/whatsapp/status-summary
2026-02-24T00:30:44.874Z - GET /api/whatsapp/status-summary
2026-02-24T00:30:56.126Z - GET /api/whatsapp/status-summary
2026-02-24T00:31:14.838Z - GET /api/whatsapp/status-summary
2026-02-24T00:31:14.874Z - GET /api/whatsapp/status-summary
2026-02-24T00:31:26.127Z - GET /api/whatsapp/status-summary
2026-02-24T00:31:44.837Z - GET /api/whatsapp/status-summary
2026-02-24T00:31:44.874Z - GET /api/whatsapp/status-summary
2026-02-24T00:31:56.126Z - GET /api/whatsapp/status-summary
2026-02-24T00:32:14.837Z - GET /api/whatsapp/status-summary
2026-02-24T00:32:14.875Z - GET /api/whatsapp/status-summary
2026-02-24T00:32:26.126Z - GET /api/whatsapp/status-summary
2026-02-24T00:32:44.837Z - GET /api/whatsapp/status-summary
2026-02-24T00:32:44.875Z - GET /api/whatsapp/status-summary
2026-02-24T00:32:56.127Z - GET /api/whatsapp/status-summary
2026-02-24T00:33:14.838Z - GET /api/whatsapp/status-summary
2026-02-24T00:33:14.874Z - GET /api/whatsapp/status-summary
2026-02-24T00:33:26.127Z - GET /api/whatsapp/status-summary
2026-02-24T00:33:44.836Z - GET /api/whatsapp/status-summary
2026-02-24T00:33:44.875Z - GET /api/whatsapp/status-summary
2026-02-24T00:33:56.127Z - GET /api/whatsapp/status-summary
2026-02-24T00:34:14.837Z - GET /api/whatsapp/status-summary
2026-02-24T00:34:14.875Z - GET /api/whatsapp/status-summary
2026-02-24T00:34:26.128Z - GET /api/whatsapp/status-summary
2026-02-24T00:34:45.124Z - GET /api/whatsapp/status-summary
2026-02-24T00:34:45.126Z - GET /api/whatsapp/status-summary
2026-02-24T00:34:54.887Z - GET /api/whatsapp/status-summary
2026-02-24T00:34:56.127Z - GET /api/whatsapp/status-summary
2026-02-24T00:35:13.018Z - POST /api/auth/login
Payload: {
  "email": "admin@admin.com",
  "password": "admin"
}
2026-02-24T00:35:14.837Z - GET /api/whatsapp/status-summary
2026-02-24T00:35:14.877Z - GET /api/whatsapp/status-summary
2026-02-24T00:35:24.888Z - GET /api/whatsapp/status-summary
2026-02-24T00:35:26.125Z - GET /api/whatsapp/status-summary
2026-02-24T00:35:44.838Z - GET /api/whatsapp/status-summary
2026-02-24T00:35:44.875Z - GET /api/whatsapp/status-summary
2026-02-24T00:35:54.888Z - GET /api/whatsapp/status-summary
2026-02-24T00:35:56.127Z - GET /api/whatsapp/status-summary
2026-02-24T00:36:14.838Z - GET /api/whatsapp/status-summary
2026-02-24T00:36:14.876Z - GET /api/whatsapp/status-summary
2026-02-24T00:36:24.888Z - GET /api/whatsapp/status-summary
2026-02-24T00:36:26.127Z - GET /api/whatsapp/status-summary
2026-02-24T00:36:44.838Z - GET /api/whatsapp/status-summary
2026-02-24T00:36:44.875Z - GET /api/whatsapp/status-summary
2026-02-24T00:36:54.889Z - GET /api/whatsapp/status-summary
2026-02-24T00:36:56.128Z - GET /api/whatsapp/status-summary
2026-02-24T00:37:14.838Z - GET /api/whatsapp/status-summary
2026-02-24T00:37:14.875Z - GET /api/whatsapp/status-summary
2026-02-24T00:37:24.890Z - GET /api/whatsapp/status-summary
2026-02-24T00:37:26.127Z - GET /api/whatsapp/status-summary
2026-02-24T00:37:44.839Z - GET /api/whatsapp/status-summary
2026-02-24T00:37:44.874Z - GET /api/whatsapp/status-summary
2026-02-24T00:37:54.889Z - GET /api/whatsapp/status-summary
2026-02-24T00:37:56.127Z - GET /api/whatsapp/status-summary
2026-02-24T00:38:14.839Z - GET /api/whatsapp/status-summary
2026-02-24T00:38:14.875Z - GET /api/whatsapp/status-summary
2026-02-24T00:38:24.890Z - GET /api/whatsapp/status-summary
2026-02-24T00:38:26.128Z - GET /api/whatsapp/status-summary
2026-02-24T00:38:44.839Z - GET /api/whatsapp/status-summary
2026-02-24T00:38:44.875Z - GET /api/whatsapp/status-summary
2026-02-24T00:38:54.890Z - GET /api/whatsapp/status-summary
2026-02-24T00:38:56.128Z - GET /api/whatsapp/status-summary
2026-02-24T00:39:14.839Z - GET /api/whatsapp/status-summary
2026-02-24T00:39:14.875Z - GET /api/whatsapp/status-summary
2026-02-24T00:39:24.889Z - GET /api/whatsapp/status-summary
2026-02-24T00:39:26.128Z - GET /api/whatsapp/status-summary
2026-02-24T00:39:44.839Z - GET /api/whatsapp/status-summary
2026-02-24T00:39:44.876Z - GET /api/whatsapp/status-summary
2026-02-24T00:39:54.890Z - GET /api/whatsapp/status-summary
2026-02-24T00:39:56.128Z - GET /api/whatsapp/status-summary
2026-02-24T00:40:14.839Z - GET /api/whatsapp/status-summary
2026-02-24T00:40:14.875Z - GET /api/whatsapp/status-summary
2026-02-24T00:40:24.890Z - GET /api/whatsapp/status-summary
2026-02-24T00:40:26.127Z - GET /api/whatsapp/status-summary
2026-02-24T00:40:44.839Z - GET /api/whatsapp/status-summary
2026-02-24T00:40:44.876Z - GET /api/whatsapp/status-summary
2026-02-24T00:40:54.890Z - GET /api/whatsapp/status-summary
2026-02-24T00:40:56.128Z - GET /api/whatsapp/status-summary
2026-02-24T00:41:14.839Z - GET /api/whatsapp/status-summary
2026-02-24T00:41:14.875Z - GET /api/whatsapp/status-summary
2026-02-24T00:41:24.890Z - GET /api/whatsapp/status-summary
2026-02-24T00:41:26.128Z - GET /api/whatsapp/status-summary
2026-02-24T00:41:44.839Z - GET /api/whatsapp/status-summary
2026-02-24T00:41:44.876Z - GET /api/whatsapp/status-summary
2026-02-24T00:41:54.890Z - GET /api/whatsapp/status-summary
2026-02-24T00:41:56.129Z - GET /api/whatsapp/status-summary
2026-02-24T00:42:14.837Z - GET /api/whatsapp/status-summary
2026-02-24T00:42:14.875Z - GET /api/whatsapp/status-summary
2026-02-24T00:42:24.890Z - GET /api/whatsapp/status-summary
2026-02-24T00:42:26.128Z - GET /api/whatsapp/status-summary
2026-02-24T00:42:44.838Z - GET /api/whatsapp/status-summary
2026-02-24T00:42:44.876Z - GET /api/whatsapp/status-summary
2026-02-24T00:42:54.890Z - GET /api/whatsapp/status-summary
2026-02-24T00:42:56.128Z - GET /api/whatsapp/status-summary
2026-02-24T00:43:14.838Z - GET /api/whatsapp/status-summary
2026-02-24T00:43:14.875Z - GET /api/whatsapp/status-summary
2026-02-24T00:43:24.888Z - GET /api/whatsapp/status-summary
2026-02-24T00:43:26.129Z - GET /api/whatsapp/status-summary
2026-02-24T00:43:44.839Z - GET /api/whatsapp/status-summary
2026-02-24T00:43:44.876Z - GET /api/whatsapp/status-summary
2026-02-24T00:43:54.890Z - GET /api/whatsapp/status-summary
2026-02-24T00:43:56.129Z - GET /api/whatsapp/status-summary
2026-02-24T00:44:14.843Z - GET /api/whatsapp/status-summary
2026-02-24T00:44:14.876Z - GET /api/whatsapp/status-summary
2026-02-24T00:44:24.890Z - GET /api/whatsapp/status-summary
2026-02-24T00:44:26.128Z - GET /api/whatsapp/status-summary
2026-02-24T00:44:44.839Z - GET /api/whatsapp/status-summary
2026-02-24T00:44:44.877Z - GET /api/whatsapp/status-summary
2026-02-24T00:44:54.890Z - GET /api/whatsapp/status-summary
2026-02-24T00:44:56.129Z - GET /api/whatsapp/status-summary
2026-02-24T00:45:14.839Z - GET /api/whatsapp/status-summary
2026-02-24T00:45:14.875Z - GET /api/whatsapp/status-summary
2026-02-24T00:45:24.891Z - GET /api/whatsapp/status-summary
2026-02-24T00:45:26.129Z - GET /api/whatsapp/status-summary
2026-02-24T00:45:44.839Z - GET /api/whatsapp/status-summary
2026-02-24T00:45:44.876Z - GET /api/whatsapp/status-summary
2026-02-24T00:45:54.891Z - GET /api/whatsapp/status-summary
2026-02-24T00:45:56.129Z - GET /api/whatsapp/status-summary
2026-02-24T00:46:14.839Z - GET /api/whatsapp/status-summary
2026-02-24T00:46:14.876Z - GET /api/whatsapp/status-summary
2026-02-24T00:46:24.890Z - GET /api/whatsapp/status-summary
2026-02-24T00:46:26.129Z - GET /api/whatsapp/status-summary
2026-02-24T00:46:44.838Z - GET /api/whatsapp/status-summary
2026-02-24T00:46:44.876Z - GET /api/whatsapp/status-summary
2026-02-24T00:46:54.890Z - GET /api/whatsapp/status-summary
2026-02-24T00:46:56.129Z - GET /api/whatsapp/status-summary
2026-02-24T00:47:14.840Z - GET /api/whatsapp/status-summary
2026-02-24T00:47:14.875Z - GET /api/whatsapp/status-summary
2026-02-24T00:47:24.890Z - GET /api/whatsapp/status-summary
2026-02-24T00:47:26.128Z - GET /api/whatsapp/status-summary
2026-02-24T00:47:44.839Z - GET /api/whatsapp/status-summary
2026-02-24T00:47:44.876Z - GET /api/whatsapp/status-summary
2026-02-24T00:47:54.891Z - GET /api/whatsapp/status-summary
2026-02-24T00:47:56.129Z - GET /api/whatsapp/status-summary
2026-02-24T00:48:14.840Z - GET /api/whatsapp/status-summary
2026-02-24T00:48:14.876Z - GET /api/whatsapp/status-summary
2026-02-24T00:48:24.891Z - GET /api/whatsapp/status-summary
2026-02-24T00:48:26.126Z - GET /api/whatsapp/status-summary
2026-02-24T00:48:44.840Z - GET /api/whatsapp/status-summary
2026-02-24T00:48:44.876Z - GET /api/whatsapp/status-summary
2026-02-24T00:48:54.890Z - GET /api/whatsapp/status-summary
2026-02-24T00:48:56.128Z - GET /api/whatsapp/status-summary
2026-02-24T00:49:14.840Z - GET /api/whatsapp/status-summary
2026-02-24T00:49:14.876Z - GET /api/whatsapp/status-summary
2026-02-24T00:49:24.891Z - GET /api/whatsapp/status-summary
2026-02-24T00:49:26.129Z - GET /api/whatsapp/status-summary
2026-02-24T00:49:44.840Z - GET /api/whatsapp/status-summary
2026-02-24T00:49:44.875Z - GET /api/whatsapp/status-summary
2026-02-24T00:49:54.891Z - GET /api/whatsapp/status-summary
2026-02-24T00:49:56.129Z - GET /api/whatsapp/status-summary
2026-02-24T00:50:14.839Z - GET /api/whatsapp/status-summary
2026-02-24T00:50:14.877Z - GET /api/whatsapp/status-summary
2026-02-24T00:50:24.891Z - GET /api/whatsapp/status-summary
2026-02-24T00:50:26.129Z - GET /api/whatsapp/status-summary
2026-02-24T00:50:44.840Z - GET /api/whatsapp/status-summary
2026-02-24T00:50:44.876Z - GET /api/whatsapp/status-summary
2026-02-24T00:50:54.891Z - GET /api/whatsapp/status-summary
2026-02-24T00:50:56.129Z - GET /api/whatsapp/status-summary
2026-02-24T00:51:14.840Z - GET /api/whatsapp/status-summary
2026-02-24T00:51:14.876Z - GET /api/whatsapp/status-summary
2026-02-24T00:51:24.891Z - GET /api/whatsapp/status-summary
2026-02-24T00:51:26.129Z - GET /api/whatsapp/status-summary
2026-02-24T00:51:44.841Z - GET /api/whatsapp/status-summary
2026-02-24T00:51:44.876Z - GET /api/whatsapp/status-summary
2026-02-24T00:51:54.891Z - GET /api/whatsapp/status-summary
2026-02-24T00:51:56.130Z - GET /api/whatsapp/status-summary
2026-02-24T00:52:14.840Z - GET /api/whatsapp/status-summary
2026-02-24T00:52:14.877Z - GET /api/whatsapp/status-summary
2026-02-24T00:52:24.892Z - GET /api/whatsapp/status-summary
2026-02-24T00:52:26.130Z - GET /api/whatsapp/status-summary
2026-02-24T00:52:44.839Z - GET /api/whatsapp/status-summary
2026-02-24T00:52:44.877Z - GET /api/whatsapp/status-summary
2026-02-24T00:52:54.891Z - GET /api/whatsapp/status-summary
2026-02-24T00:52:56.128Z - GET /api/whatsapp/status-summary
2026-02-24T00:53:14.543Z - GET /api/whatsapp/status-summary
2026-02-24T00:53:14.545Z - GET /api/availabilities?year=2026&month=2
2026-02-24T00:53:14.546Z - GET /api/availabilities?year=2026&month=2
2026-02-24T00:53:14.554Z - GET /api/stats
Stats calculated successfully
2026-02-24T00:53:14.558Z - GET /api/members
2026-02-24T00:53:14.560Z - GET /api/teams
2026-02-24T00:53:14.562Z - GET /api/trainings
2026-02-24T00:53:14.563Z - GET /api/teams
2026-02-24T00:53:14.564Z - GET /api/trainings
2026-02-24T00:53:14.565Z - GET /api/stats
Stats calculated successfully
2026-02-24T00:53:14.566Z - GET /api/members
2026-02-24T00:53:14.842Z - GET /api/whatsapp/status-summary
2026-02-24T00:53:14.878Z - GET /api/whatsapp/status-summary
2026-02-24T00:53:14.895Z - GET /favicon.ico
2026-02-24T00:53:14.896Z - GET /apple-touch-icon-precomposed.png
2026-02-24T00:53:14.944Z - GET /apple-touch-icon.png
2026-02-24T00:53:14.988Z - GET /favicon.ico
2026-02-24T00:53:24.895Z - GET /api/whatsapp/status-summary
2026-02-24T00:53:26.129Z - GET /api/whatsapp/status-summary
2026-02-24T00:53:44.637Z - GET /api/whatsapp/status-summary
2026-02-24T00:53:44.839Z - GET /api/whatsapp/status-summary
2026-02-24T00:53:44.876Z - GET /api/whatsapp/status-summary
2026-02-24T00:53:54.892Z - GET /api/whatsapp/status-summary
2026-02-24T00:53:56.129Z - GET /api/whatsapp/status-summary
2026-02-24T00:54:14.739Z - GET /api/whatsapp/status-summary
2026-02-24T00:54:14.841Z - GET /api/whatsapp/status-summary
2026-02-24T00:54:14.877Z - GET /api/whatsapp/status-summary
2026-02-24T00:54:24.892Z - GET /api/whatsapp/status-summary
2026-02-24T00:54:26.129Z - GET /api/whatsapp/status-summary
2026-02-24T00:54:44.837Z - GET /api/whatsapp/status-summary
2026-02-24T00:54:44.840Z - GET /api/whatsapp/status-summary
2026-02-24T00:54:44.878Z - GET /api/whatsapp/status-summary
2026-02-24T00:54:54.891Z - GET /api/whatsapp/status-summary
2026-02-24T00:54:56.129Z - GET /api/whatsapp/status-summary
2026-02-24T00:55:14.841Z - GET /api/whatsapp/status-summary
2026-02-24T00:55:14.877Z - GET /api/whatsapp/status-summary
2026-02-24T00:55:14.938Z - GET /api/whatsapp/status-summary
2026-02-24T00:55:24.891Z - GET /api/whatsapp/status-summary
2026-02-24T00:55:26.129Z - GET /api/whatsapp/status-summary
2026-02-24T00:55:44.840Z - GET /api/whatsapp/status-summary
2026-02-24T00:55:44.876Z - GET /api/whatsapp/status-summary
2026-02-24T00:55:45.038Z - GET /api/whatsapp/status-summary
2026-02-24T00:55:54.893Z - GET /api/whatsapp/status-summary
2026-02-24T00:55:56.129Z - GET /api/whatsapp/status-summary
2026-02-24T00:56:14.840Z - GET /api/whatsapp/status-summary
2026-02-24T00:56:14.877Z - GET /api/whatsapp/status-summary
2026-02-24T00:56:15.136Z - GET /api/whatsapp/status-summary
2026-02-24T00:56:24.891Z - GET /api/whatsapp/status-summary
2026-02-24T00:56:26.129Z - GET /api/whatsapp/status-summary
2026-02-24T00:56:44.840Z - GET /api/whatsapp/status-summary
2026-02-24T00:56:44.877Z - GET /api/whatsapp/status-summary
2026-02-24T00:56:54.892Z - GET /api/whatsapp/status-summary
2026-02-24T00:56:56.128Z - GET /api/whatsapp/status-summary
2026-02-24T00:57:14.846Z - GET /api/whatsapp/status-summary
2026-02-24T00:57:14.879Z - GET /api/whatsapp/status-summary
2026-02-24T00:57:23.954Z - GET /api/whatsapp/status-summary
2026-02-24T00:57:24.894Z - GET /api/whatsapp/status-summary
2026-02-24T00:57:26.133Z - GET /api/whatsapp/status-summary
2026-02-24T00:57:44.843Z - GET /api/whatsapp/status-summary
2026-02-24T00:57:44.879Z - GET /api/whatsapp/status-summary
2026-02-24T00:57:54.895Z - GET /api/whatsapp/status-summary
2026-02-24T00:57:56.131Z - GET /api/whatsapp/status-summary
2026-02-24T00:58:14.850Z - GET /api/whatsapp/status-summary
2026-02-24T00:58:14.880Z - GET /api/whatsapp/status-summary
2026-02-24T00:58:24.894Z - GET /api/whatsapp/status-summary
2026-02-24T00:58:26.133Z - GET /api/whatsapp/status-summary
2026-02-24T00:58:44.857Z - GET /api/whatsapp/status-summary
2026-02-24T00:58:44.947Z - GET /api/whatsapp/status-summary
2026-02-24T00:58:54.907Z - GET /api/whatsapp/status-summary
2026-02-24T00:58:56.134Z - GET /api/whatsapp/status-summary
2026-02-24T00:59:14.853Z - GET /api/whatsapp/status-summary
2026-02-24T00:59:14.881Z - GET /api/whatsapp/status-summary
2026-02-24T00:59:24.893Z - GET /api/whatsapp/status-summary
2026-02-24T00:59:26.132Z - GET /api/whatsapp/status-summary
2026-02-24T00:59:44.847Z - GET /api/whatsapp/status-summary
2026-02-24T00:59:44.881Z - GET /api/whatsapp/status-summary
2026-02-24T00:59:54.896Z - GET /api/whatsapp/status-summary
2026-02-24T00:59:56.132Z - GET /api/whatsapp/status-summary
2026-02-24T01:00:14.874Z - GET /api/whatsapp/status-summary
2026-02-24T01:00:14.891Z - GET /api/whatsapp/status-summary
2026-02-24T01:00:24.899Z - GET /api/whatsapp/status-summary
2026-02-24T01:00:26.133Z - GET /api/whatsapp/status-summary
2026-02-24T01:00:44.848Z - GET /api/whatsapp/status-summary
2026-02-24T01:00:44.880Z - GET /api/whatsapp/status-summary
2026-02-24T01:00:54.903Z - GET /api/whatsapp/status-summary
2026-02-24T01:00:56.131Z - GET /api/whatsapp/status-summary
2026-02-24T01:01:14.854Z - GET /api/whatsapp/status-summary
2026-02-24T01:01:14.880Z - GET /api/whatsapp/status-summary
2026-02-24T01:01:24.893Z - GET /api/whatsapp/status-summary
2026-02-24T01:01:26.135Z - GET /api/whatsapp/status-summary
2026-02-24T01:01:44.851Z - GET /api/whatsapp/status-summary
2026-02-24T01:01:44.881Z - GET /api/whatsapp/status-summary
2026-02-24T01:01:54.894Z - GET /api/whatsapp/status-summary
2026-02-24T01:01:56.134Z - GET /api/whatsapp/status-summary
2026-02-24T01:02:14.853Z - GET /api/whatsapp/status-summary
2026-02-24T01:02:14.880Z - GET /api/whatsapp/status-summary
2026-02-24T01:02:24.894Z - GET /api/whatsapp/status-summary
2026-02-24T01:02:26.136Z - GET /api/whatsapp/status-summary
2026-02-24T01:02:44.860Z - GET /api/whatsapp/status-summary
2026-02-24T01:02:44.881Z - GET /api/whatsapp/status-summary
